[35m[Appium][39m Welcome to Appium v1.22.3
[35m[Appium][39m Non-default server args:
[35m[Appium][39m   port: 41425
[35m[Appium][39m   loglevel: info
[35m[Appium][39m   tmpDir: /tmp/Katalon/Appium/Temp1671028719788
[35m[Appium][39m   chromedriverPort: 41805
[35m[Appium][39m Deprecated server args:
[35m[Appium][39m   [31m--chromedriver-port[39m => --default-capabilities
[35m[Appium][39m Default capabilities, which will be added to each request unless overridden by desired capabilities:
[35m[Appium][39m   chromedriverPort: 41805
[35m[Appium][39m Appium REST http interface listener started on 0.0.0.0:41425
[35m[HTTP][39m [37m-->[39m [37mGET[39m [37m/wd/hub/status[39m
[35m[HTTP][39m [90m{}[39m
[35m[HTTP][39m [37m<-- GET /wd/hub/status [39m[32m200[39m [90m10 ms - 68[39m
[35m[HTTP][39m [90m[39m
[35m[HTTP][39m [37m-->[39m [37mGET[39m [37m/wd/hub/status[39m
[35m[HTTP][39m [90m{}[39m
[35m[HTTP][39m [37m<-- GET /wd/hub/status [39m[32m200[39m [90m2 ms - 68[39m
[35m[HTTP][39m [90m[39m
[35m[HTTP][39m [37m-->[39m [37mPOST[39m [37m/wd/hub/session[39m
[35m[HTTP][39m [90m{"desiredCapabilities":{"appActivity":".Settings","appPackage":"com.android.settings","newCommandTimeout":1800,"platformVersion":"8.0.0","automationName":"uiautomator2","autoGrantPermissions":true,"platformName":"Android","udid":"42008534d6e7b395","deviceName":"samsung SM-G570Y (Android 8.0.0)","platform":"ANDROID","systemPort":8207},"capabilities":{"firstMatch":[{"appium:appActivity":".Settings","appium:appPackage":"com.android.settings","appium:autoGrantPermissions":true,"appium:automationName":"uiautomator2","appium:deviceName":"samsung SM-G570Y (Android 8.0.0)","appium:newCommandTimeout":1800,"platform":"ANDROID","platformName":"android","appium:platformVersion":"8.0.0","appium:systemPort":8207,"appium:udid":"42008534d6e7b395"}]}}[39m
[35m[BaseDriver][39m The following capabilities are not standard capabilities and should have an extension prefix:
[35m[BaseDriver][39m   platform
[35m[BaseDriver][39m   chromedriverPort
[35m[Appium][39m Appium v1.22.3 creating new AndroidUiautomator2Driver (v1.70.1) session
[35m[BaseDriver][39m The following capabilities were provided, but are not recognized by Appium:
[35m[BaseDriver][39m   platform
[35m[BaseDriver][39m Session created with session id: 4b721787-dbfe-4f69-b058-16cb0e7e162c
[35m[UiAutomator2][39m Starting 'com.android.settings' directly on the device
[35m[ADB][39m Found 1 'build-tools' folders under '/home/aldimhr/.katalon/tools/android_sdk' (newest first):
[35m[ADB][39m     /home/aldimhr/.katalon/tools/android_sdk/build-tools/29.0.3
[35m[ADB][39m Using 'adb' from '/home/aldimhr/.katalon/tools/android_sdk/platform-tools/adb'
[35m[AndroidDriver][39m Retrieving device list
[35m[AndroidDriver][39m Using device: 42008534d6e7b395
[35m[ADB][39m Using 'adb' from '/home/aldimhr/.katalon/tools/android_sdk/platform-tools/adb'
[35m[AndroidDriver][39m No app sent in, not parsing package/activity
[35m[ADB][39m Using 'apksigner.jar' from '/home/aldimhr/.katalon/tools/android_sdk/build-tools/29.0.3/lib/apksigner.jar'
[35m[ADB][39m '/home/aldimhr/.nvm/versions/node/v16.17.0/lib/node_modules/appium/node_modules/appium-uiautomator2-server/apks/appium-uiautomator2-server-v4.27.0.apk' is signed with the default certificate
[35m[ADB][39m '/home/aldimhr/.nvm/versions/node/v16.17.0/lib/node_modules/appium/node_modules/appium-uiautomator2-server/apks/appium-uiautomator2-server-debug-androidTest.apk' is signed with the default certificate
[35m[UiAutomator2][39m Server packages are not going to be (re)installed
[35m[ADB][39m Adding packages ["io.appium.settings","io.appium.uiautomator2.server","io.appium.uiautomator2.server.test"] to Doze whitelist
[35m[UiAutomator2][39m Starting UIAutomator2 server 4.27.0
[35m[UiAutomator2][39m Using UIAutomator2 server from '/home/aldimhr/.nvm/versions/node/v16.17.0/lib/node_modules/appium/node_modules/appium-uiautomator2-server/apks/appium-uiautomator2-server-v4.27.0.apk' and test from '/home/aldimhr/.nvm/versions/node/v16.17.0/lib/node_modules/appium/node_modules/appium-uiautomator2-server/apks/appium-uiautomator2-server-debug-androidTest.apk'
[35m[UiAutomator2][39m Waiting up to 30000ms for UiAutomator2 to be online...
[35m[WD Proxy][39m socket hang up
[35m[WD Proxy][39m socket hang up
[35m[WD Proxy][39m socket hang up
[35m[WD Proxy][39m socket hang up
[35m[WD Proxy][39m socket hang up
[35m[WD Proxy][39m Determined the downstream protocol as 'W3C'
[35m[AndroidDriver][39m Screen already unlocked, doing nothing
[35m[UiAutomator2][39m Starting 'com.android.settings/.Settings and waiting for 'com.android.settings/.Settings'
[35m[Appium][39m New AndroidUiautomator2Driver session created successfully, session 4b721787-dbfe-4f69-b058-16cb0e7e162c added to master session list
[35m[HTTP][39m [37m<-- POST /wd/hub/session [39m[32m200[39m [90m22493 ms - 1181[39m
[35m[HTTP][39m [90m[39m
[35m[HTTP][39m [37m-->[39m [37mGET[39m [37m/wd/hub/session/4b721787-dbfe-4f69-b058-16cb0e7e162c[39m
[35m[HTTP][39m [90m{}[39m
[35m[HTTP][39m [37m<-- GET /wd/hub/session/4b721787-dbfe-4f69-b058-16cb0e7e162c [39m[32m200[39m [90m48 ms - 1135[39m
[35m[HTTP][39m [90m[39m
[35m[HTTP][39m [37m-->[39m [37mGET[39m [37m/wd/hub/session/4b721787-dbfe-4f69-b058-16cb0e7e162c[39m
[35m[HTTP][39m [90m{}[39m
[35m[HTTP][39m [37m<-- GET /wd/hub/session/4b721787-dbfe-4f69-b058-16cb0e7e162c [39m[32m200[39m [90m35 ms - 1135[39m
[35m[HTTP][39m [90m[39m
[35m[HTTP][39m [37m-->[39m [37mGET[39m [37m/wd/hub/status[39m
[35m[HTTP][39m [90m{}[39m
[35m[HTTP][39m [37m<-- GET /wd/hub/status [39m[32m200[39m [90m2 ms - 68[39m
[35m[HTTP][39m [90m[39m
[35m[HTTP][39m [37m-->[39m [37mPOST[39m [37m/wd/hub/session/4b721787-dbfe-4f69-b058-16cb0e7e162c/timeouts[39m
[35m[HTTP][39m [90m{"implicit":60000}[39m
[35m[HTTP][39m [37m<-- POST /wd/hub/session/4b721787-dbfe-4f69-b058-16cb0e7e162c/timeouts [39m[32m200[39m [90m5 ms - 14[39m
[35m[HTTP][39m [90m[39m
[35m[HTTP][39m [37m-->[39m [37mGET[39m [37m/wd/hub/session/4b721787-dbfe-4f69-b058-16cb0e7e162c/screenshot[39m
[35m[HTTP][39m [90m{}[39m
[35m[HTTP][39m [37m<-- GET /wd/hub/session/4b721787-dbfe-4f69-b058-16cb0e7e162c/screenshot [39m[32m200[39m [90m604 ms - 149658[39m
[35m[HTTP][39m [90m[39m
[35m[HTTP][39m [37m-->[39m [37mGET[39m [37m/wd/hub/session/4b721787-dbfe-4f69-b058-16cb0e7e162c/window/rect[39m
[35m[HTTP][39m [90m{}[39m
[35m[HTTP][39m [37m<-- GET /wd/hub/session/4b721787-dbfe-4f69-b058-16cb0e7e162c/window/rect [39m[32m200[39m [90m51 ms - 49[39m
[35m[HTTP][39m [90m[39m
[35m[HTTP][39m [37m-->[39m [37mGET[39m [37m/wd/hub/session/4b721787-dbfe-4f69-b058-16cb0e7e162c/appium/device/system_bars[39m
[35m[HTTP][39m [90m{}[39m
[35m[HTTP][39m [37m<-- GET /wd/hub/session/4b721787-dbfe-4f69-b058-16cb0e7e162c/appium/device/system_bars [39m[31m500[39m [90m189 ms - 645[39m
[35m[HTTP][39m [90m[39m
[35m[HTTP][39m [37m-->[39m [37mPOST[39m [37m/wd/hub/session/4b721787-dbfe-4f69-b058-16cb0e7e162c/execute/sync[39m
[35m[HTTP][39m [90m{"script":"mobile:viewportRect","args":[]}[39m
[35m[AndroidDriver][39m Executing native command 'mobile:viewportRect'
[35m[HTTP][39m [37m<-- POST /wd/hub/session/4b721787-dbfe-4f69-b058-16cb0e7e162c/execute/sync [39m[32m200[39m [90m51 ms - 55[39m
[35m[HTTP][39m [90m[39m
[35m[HTTP][39m [37m-->[39m [37mPOST[39m [37m/wd/hub/session/4b721787-dbfe-4f69-b058-16cb0e7e162c/appium/device/activate_app[39m
[35m[HTTP][39m [90m{"bundleId":"com.saucelabs.mydemoapp.rn"}[39m
[35m[HTTP][39m [37m<-- POST /wd/hub/session/4b721787-dbfe-4f69-b058-16cb0e7e162c/appium/device/activate_app [39m[32m200[39m [90m1196 ms - 14[39m
[35m[HTTP][39m [90m[39m
[35m[HTTP][39m [37m-->[39m [37mGET[39m [37m/wd/hub/session/4b721787-dbfe-4f69-b058-16cb0e7e162c/source[39m
[35m[HTTP][39m [90m{}[39m
[35m[W3C (4b721787)][39m Driver proxy active, passing request on via HTTP proxy
[35m[WD Proxy][39m Replacing sessionId af112d19-d77b-4a10-996b-45d7e5d69b83 with 4b721787-dbfe-4f69-b058-16cb0e7e162c
[35m[HTTP][39m [37m<-- GET /wd/hub/session/4b721787-dbfe-4f69-b058-16cb0e7e162c/source [39m[32m200[39m [90m916 ms - 3673[39m
[35m[HTTP][39m [90m[39m
[35m[HTTP][39m [37m-->[39m [37mGET[39m [37m/wd/hub/session/4b721787-dbfe-4f69-b058-16cb0e7e162c/screenshot[39m
[35m[HTTP][39m [90m{}[39m
[35m[HTTP][39m [37m<-- GET /wd/hub/session/4b721787-dbfe-4f69-b058-16cb0e7e162c/screenshot [39m[32m200[39m [90m527 ms - 60368[39m
[35m[HTTP][39m [90m[39m
[35m[HTTP][39m [37m-->[39m [37mGET[39m [37m/wd/hub/session/4b721787-dbfe-4f69-b058-16cb0e7e162c/source[39m
[35m[HTTP][39m [90m{}[39m
[35m[W3C (4b721787)][39m Driver proxy active, passing request on via HTTP proxy
[35m[WD Proxy][39m Replacing sessionId af112d19-d77b-4a10-996b-45d7e5d69b83 with 4b721787-dbfe-4f69-b058-16cb0e7e162c
[35m[HTTP][39m [37m<-- GET /wd/hub/session/4b721787-dbfe-4f69-b058-16cb0e7e162c/source [39m[32m200[39m [90m1095 ms - 50610[39m
[35m[HTTP][39m [90m[39m
[35m[HTTP][39m [37m-->[39m [37mGET[39m [37m/wd/hub/session/4b721787-dbfe-4f69-b058-16cb0e7e162c/screenshot[39m
[35m[HTTP][39m [90m{}[39m
[35m[HTTP][39m [37m<-- GET /wd/hub/session/4b721787-dbfe-4f69-b058-16cb0e7e162c/screenshot [39m[32m200[39m [90m711 ms - 331320[39m
[35m[HTTP][39m [90m[39m
[35m[HTTP][39m [37m-->[39m [37mPOST[39m [37m/wd/hub/session/4b721787-dbfe-4f69-b058-16cb0e7e162c/elements[39m
[35m[HTTP][39m [90m{"using":"xpath","value":"//*[@class = 'android.widget.TextView' and (@text = 'Webview' or . = 'Webview')]"}[39m
[35m[HTTP][39m [37m<-- POST /wd/hub/session/4b721787-dbfe-4f69-b058-16cb0e7e162c/elements [39m[32m200[39m [90m1764 ms - 139[39m
[35m[HTTP][39m [90m[39m
[35m[HTTP][39m [37m-->[39m [37mGET[39m [37m/wd/hub/session/4b721787-dbfe-4f69-b058-16cb0e7e162c/source[39m
[35m[HTTP][39m [90m{}[39m
[35m[W3C (4b721787)][39m Driver proxy active, passing request on via HTTP proxy
[35m[WD Proxy][39m Replacing sessionId af112d19-d77b-4a10-996b-45d7e5d69b83 with 4b721787-dbfe-4f69-b058-16cb0e7e162c
[35m[HTTP][39m [37m<-- GET /wd/hub/session/4b721787-dbfe-4f69-b058-16cb0e7e162c/source [39m[32m200[39m [90m368 ms - 21092[39m
[35m[HTTP][39m [90m[39m
[35m[HTTP][39m [37m-->[39m [37mGET[39m [37m/wd/hub/session/4b721787-dbfe-4f69-b058-16cb0e7e162c/screenshot[39m
[35m[HTTP][39m [90m{}[39m
[35m[HTTP][39m [37m<-- GET /wd/hub/session/4b721787-dbfe-4f69-b058-16cb0e7e162c/screenshot [39m[32m200[39m [90m480 ms - 54642[39m
[35m[HTTP][39m [90m[39m
[35m[HTTP][39m [37m-->[39m [37mPOST[39m [37m/wd/hub/session/4b721787-dbfe-4f69-b058-16cb0e7e162c/elements[39m
[35m[HTTP][39m [90m{"using":"xpath","value":"//*[@class = 'android.view.ViewGroup' and (@text = '' or . = '')]"}[39m
[35m[HTTP][39m [37m<-- POST /wd/hub/session/4b721787-dbfe-4f69-b058-16cb0e7e162c/elements [39m[32m200[39m [90m659 ms - 3595[39m
[35m[HTTP][39m [90m[39m
[35m[HTTP][39m [37m-->[39m [37mPOST[39m [37m/wd/hub/session/4b721787-dbfe-4f69-b058-16cb0e7e162c/elements[39m
[35m[HTTP][39m [90m{"using":"-android uiautomator","value":"new UiSelector().className(\"android.view.ViewGroup\")"}[39m
[35m[HTTP][39m [37m<-- POST /wd/hub/session/4b721787-dbfe-4f69-b058-16cb0e7e162c/elements [39m[32m200[39m [90m1146 ms - 3595[39m
[35m[HTTP][39m [90m[39m
[35m[HTTP][39m [37m-->[39m [37mGET[39m [37m/wd/hub/session/4b721787-dbfe-4f69-b058-16cb0e7e162c/source[39m
[35m[HTTP][39m [90m{}[39m
[35m[W3C (4b721787)][39m Driver proxy active, passing request on via HTTP proxy
[35m[WD Proxy][39m Replacing sessionId af112d19-d77b-4a10-996b-45d7e5d69b83 with 4b721787-dbfe-4f69-b058-16cb0e7e162c
[35m[HTTP][39m [37m<-- GET /wd/hub/session/4b721787-dbfe-4f69-b058-16cb0e7e162c/source [39m[32m200[39m [90m851 ms - 33686[39m
[35m[HTTP][39m [90m[39m
[35m[HTTP][39m [37m-->[39m [37mGET[39m [37m/wd/hub/session/4b721787-dbfe-4f69-b058-16cb0e7e162c/screenshot[39m
[35m[HTTP][39m [90m{}[39m
[35m[HTTP][39m [37m<-- GET /wd/hub/session/4b721787-dbfe-4f69-b058-16cb0e7e162c/screenshot [39m[32m200[39m [90m911 ms - 148320[39m
[35m[HTTP][39m [90m[39m
[35m[HTTP][39m [37m-->[39m [37mPOST[39m [37m/wd/hub/session/4b721787-dbfe-4f69-b058-16cb0e7e162c/elements[39m
[35m[HTTP][39m [90m{"using":"xpath","value":"//*[@class = 'android.widget.TextView' and (@text = 'QR Code Scanner' or . = 'QR Code Scanner')]"}[39m
[35m[HTTP][39m [37m<-- POST /wd/hub/session/4b721787-dbfe-4f69-b058-16cb0e7e162c/elements [39m[32m200[39m [90m1001 ms - 267[39m
[35m[HTTP][39m [90m[39m
[35m[HTTP][39m [37m-->[39m [37mPOST[39m [37m/wd/hub/session/4b721787-dbfe-4f69-b058-16cb0e7e162c/elements[39m
[35m[HTTP][39m [90m{"using":"-android uiautomator","value":"new UiSelector().className(\"android.widget.TextView\").text(\"QR Code Scanner\")"}[39m
[35m[HTTP][39m [37m<-- POST /wd/hub/session/4b721787-dbfe-4f69-b058-16cb0e7e162c/elements [39m[32m200[39m [90m171 ms - 267[39m
[35m[HTTP][39m [90m[39m
[35m[HTTP][39m [37m-->[39m [37mGET[39m [37m/wd/hub/session/4b721787-dbfe-4f69-b058-16cb0e7e162c/source[39m
[35m[HTTP][39m [90m{}[39m
[35m[W3C (4b721787)][39m Driver proxy active, passing request on via HTTP proxy
[35m[WD Proxy][39m Replacing sessionId af112d19-d77b-4a10-996b-45d7e5d69b83 with 4b721787-dbfe-4f69-b058-16cb0e7e162c
[35m[HTTP][39m [37m<-- GET /wd/hub/session/4b721787-dbfe-4f69-b058-16cb0e7e162c/source [39m[32m200[39m [90m478 ms - 22199[39m
[35m[HTTP][39m [90m[39m
[35m[HTTP][39m [37m-->[39m [37mGET[39m [37m/wd/hub/session/4b721787-dbfe-4f69-b058-16cb0e7e162c/screenshot[39m
[35m[HTTP][39m [90m{}[39m
[35m[HTTP][39m [37m<-- GET /wd/hub/session/4b721787-dbfe-4f69-b058-16cb0e7e162c/screenshot [39m[32m200[39m [90m1312 ms - 417288[39m
[35m[HTTP][39m [90m[39m
[35m[HTTP][39m [37m-->[39m [37mPOST[39m [37m/wd/hub/session/4b721787-dbfe-4f69-b058-16cb0e7e162c/elements[39m
[35m[HTTP][39m [90m{"using":"xpath","value":"//*[@class = 'android.widget.TextView' and (@text = 'QR Code Scanner' or . = 'QR Code Scanner')]"}[39m
[35m[HTTP][39m [37m<-- POST /wd/hub/session/4b721787-dbfe-4f69-b058-16cb0e7e162c/elements [39m[32m200[39m [90m672 ms - 139[39m
[35m[HTTP][39m [90m[39m
[35m[HTTP][39m [37m-->[39m [37mGET[39m [37m/wd/hub/session/4b721787-dbfe-4f69-b058-16cb0e7e162c/source[39m
[35m[HTTP][39m [90m{}[39m
[35m[W3C (4b721787)][39m Driver proxy active, passing request on via HTTP proxy
[35m[WD Proxy][39m Replacing sessionId af112d19-d77b-4a10-996b-45d7e5d69b83 with 4b721787-dbfe-4f69-b058-16cb0e7e162c
[35m[HTTP][39m [37m<-- GET /wd/hub/session/4b721787-dbfe-4f69-b058-16cb0e7e162c/source [39m[32m200[39m [90m867 ms - 7082[39m
[35m[HTTP][39m [90m[39m
[35m[HTTP][39m [37m-->[39m [37mGET[39m [37m/wd/hub/session/4b721787-dbfe-4f69-b058-16cb0e7e162c/screenshot[39m
[35m[HTTP][39m [90m{}[39m
[35m[HTTP][39m [37m<-- GET /wd/hub/session/4b721787-dbfe-4f69-b058-16cb0e7e162c/screenshot [39m[32m200[39m [90m653 ms - 112342[39m
[35m[HTTP][39m [90m[39m
[35m[HTTP][39m [37m-->[39m [37mGET[39m [37m/wd/hub/session/4b721787-dbfe-4f69-b058-16cb0e7e162c/source[39m
[35m[HTTP][39m [90m{}[39m
[35m[W3C (4b721787)][39m Driver proxy active, passing request on via HTTP proxy
[35m[WD Proxy][39m Replacing sessionId af112d19-d77b-4a10-996b-45d7e5d69b83 with 4b721787-dbfe-4f69-b058-16cb0e7e162c
[35m[HTTP][39m [37m<-- GET /wd/hub/session/4b721787-dbfe-4f69-b058-16cb0e7e162c/source [39m[32m200[39m [90m416 ms - 35720[39m
[35m[HTTP][39m [90m[39m
[35m[HTTP][39m [37m-->[39m [37mGET[39m [37m/wd/hub/session/4b721787-dbfe-4f69-b058-16cb0e7e162c/screenshot[39m
[35m[HTTP][39m [90m{}[39m
[35m[HTTP][39m [37m<-- GET /wd/hub/session/4b721787-dbfe-4f69-b058-16cb0e7e162c/screenshot [39m[32m200[39m [90m545 ms - 107098[39m
[35m[HTTP][39m [90m[39m
[35m[HTTP][39m [37m-->[39m [37mPOST[39m [37m/wd/hub/session/4b721787-dbfe-4f69-b058-16cb0e7e162c/elements[39m
[35m[HTTP][39m [90m{"using":"xpath","value":"//*[@class = 'android.widget.TextView' and (@text = 'Geo Location' or . = 'Geo Location')]"}[39m
[35m[HTTP][39m [37m<-- POST /wd/hub/session/4b721787-dbfe-4f69-b058-16cb0e7e162c/elements [39m[32m200[39m [90m545 ms - 267[39m
[35m[HTTP][39m [90m[39m
[35m[HTTP][39m [37m-->[39m [37mPOST[39m [37m/wd/hub/session/4b721787-dbfe-4f69-b058-16cb0e7e162c/elements[39m
[35m[HTTP][39m [90m{"using":"-android uiautomator","value":"new UiSelector().className(\"android.widget.TextView\").text(\"Geo Location\")"}[39m
[35m[HTTP][39m [37m<-- POST /wd/hub/session/4b721787-dbfe-4f69-b058-16cb0e7e162c/elements [39m[32m200[39m [90m104 ms - 267[39m
[35m[HTTP][39m [90m[39m
[35m[HTTP][39m [37m-->[39m [37mGET[39m [37m/wd/hub/session/4b721787-dbfe-4f69-b058-16cb0e7e162c/source[39m
[35m[HTTP][39m [90m{}[39m
[35m[W3C (4b721787)][39m Driver proxy active, passing request on via HTTP proxy
[35m[WD Proxy][39m Replacing sessionId af112d19-d77b-4a10-996b-45d7e5d69b83 with 4b721787-dbfe-4f69-b058-16cb0e7e162c
[35m[HTTP][39m [37m<-- GET /wd/hub/session/4b721787-dbfe-4f69-b058-16cb0e7e162c/source [39m[32m200[39m [90m257 ms - 24233[39m
[35m[HTTP][39m [90m[39m
[35m[HTTP][39m [37m-->[39m [37mGET[39m [37m/wd/hub/session/4b721787-dbfe-4f69-b058-16cb0e7e162c/screenshot[39m
[35m[HTTP][39m [90m{}[39m
[35m[HTTP][39m [37m<-- GET /wd/hub/session/4b721787-dbfe-4f69-b058-16cb0e7e162c/screenshot [39m[32m200[39m [90m562 ms - 125848[39m
[35m[HTTP][39m [90m[39m
[35m[HTTP][39m [37m-->[39m [37mPOST[39m [37m/wd/hub/session/4b721787-dbfe-4f69-b058-16cb0e7e162c/elements[39m
[35m[HTTP][39m [90m{"using":"xpath","value":"//*[@class = 'android.widget.TextView' and (@text = 'Geo Location' or . = 'Geo Location')]"}[39m
[35m[HTTP][39m [37m<-- POST /wd/hub/session/4b721787-dbfe-4f69-b058-16cb0e7e162c/elements [39m[32m200[39m [90m408 ms - 139[39m
[35m[HTTP][39m [90m[39m
[35m[HTTP][39m [37m-->[39m [37mDELETE[39m [37m/wd/hub/session/4b721787-dbfe-4f69-b058-16cb0e7e162c[39m
[35m[HTTP][39m [90m{}[39m
[35m[Appium][39m Removing session 4b721787-dbfe-4f69-b058-16cb0e7e162c from our master session list
[35m[HTTP][39m [37m<-- DELETE /wd/hub/session/4b721787-dbfe-4f69-b058-16cb0e7e162c [39m[32m200[39m [90m230 ms - 14[39m
[35m[HTTP][39m [90m[39m
