[35m[Appium][39m Welcome to Appium v1.22.3
[35m[Appium][39m Non-default server args:
[35m[Appium][39m   port: 42579
[35m[Appium][39m   loglevel: info
[35m[Appium][39m   tmpDir: /tmp/Katalon/Appium/Temp1671029771500
[35m[Appium][39m   chromedriverPort: 41393
[35m[Appium][39m Deprecated server args:
[35m[Appium][39m   [31m--chromedriver-port[39m => --default-capabilities
[35m[Appium][39m Default capabilities, which will be added to each request unless overridden by desired capabilities:
[35m[Appium][39m   chromedriverPort: 41393
[35m[Appium][39m Appium REST http interface listener started on 0.0.0.0:42579
[35m[HTTP][39m [37m-->[39m [37mGET[39m [37m/wd/hub/status[39m
[35m[HTTP][39m [90m{}[39m
[35m[HTTP][39m [37m<-- GET /wd/hub/status [39m[32m200[39m [90m11 ms - 68[39m
[35m[HTTP][39m [90m[39m
[35m[HTTP][39m [37m-->[39m [37mPOST[39m [37m/wd/hub/session[39m
[35m[HTTP][39m [90m{"desiredCapabilities":{"appActivity":".Settings","appPackage":"com.android.settings","newCommandTimeout":1800,"platformVersion":"8.0.0","automationName":"uiautomator2","autoGrantPermissions":true,"platformName":"Android","udid":"42008534d6e7b395","deviceName":"samsung SM-G570Y (Android 8.0.0)","platform":"ANDROID","systemPort":8263},"capabilities":{"firstMatch":[{"appium:appActivity":".Settings","appium:appPackage":"com.android.settings","appium:autoGrantPermissions":true,"appium:automationName":"uiautomator2","appium:deviceName":"samsung SM-G570Y (Android 8.0.0)","appium:newCommandTimeout":1800,"platform":"ANDROID","platformName":"android","appium:platformVersion":"8.0.0","appium:systemPort":8263,"appium:udid":"42008534d6e7b395"}]}}[39m
[35m[BaseDriver][39m The following capabilities are not standard capabilities and should have an extension prefix:
[35m[BaseDriver][39m   platform
[35m[BaseDriver][39m   chromedriverPort
[35m[Appium][39m Appium v1.22.3 creating new AndroidUiautomator2Driver (v1.70.1) session
[35m[BaseDriver][39m The following capabilities were provided, but are not recognized by Appium:
[35m[BaseDriver][39m   platform
[35m[BaseDriver][39m Session created with session id: 8409e2a8-0549-4206-b7e9-551daa296b14
[35m[UiAutomator2][39m Starting 'com.android.settings' directly on the device
[35m[ADB][39m Found 1 'build-tools' folders under '/home/aldimhr/.katalon/tools/android_sdk' (newest first):
[35m[ADB][39m     /home/aldimhr/.katalon/tools/android_sdk/build-tools/29.0.3
[35m[ADB][39m Using 'adb' from '/home/aldimhr/.katalon/tools/android_sdk/platform-tools/adb'
[35m[AndroidDriver][39m Retrieving device list
[35m[AndroidDriver][39m Using device: 42008534d6e7b395
[35m[ADB][39m Using 'adb' from '/home/aldimhr/.katalon/tools/android_sdk/platform-tools/adb'
[35m[AndroidDriver][39m No app sent in, not parsing package/activity
[35m[ADB][39m Using 'apksigner.jar' from '/home/aldimhr/.katalon/tools/android_sdk/build-tools/29.0.3/lib/apksigner.jar'
[35m[ADB][39m '/home/aldimhr/.nvm/versions/node/v16.17.0/lib/node_modules/appium/node_modules/appium-uiautomator2-server/apks/appium-uiautomator2-server-v4.27.0.apk' is signed with the default certificate
[35m[ADB][39m '/home/aldimhr/.nvm/versions/node/v16.17.0/lib/node_modules/appium/node_modules/appium-uiautomator2-server/apks/appium-uiautomator2-server-debug-androidTest.apk' is signed with the default certificate
[35m[UiAutomator2][39m Server packages are not going to be (re)installed
[35m[ADB][39m Adding packages ["io.appium.settings","io.appium.uiautomator2.server","io.appium.uiautomator2.server.test"] to Doze whitelist
[35m[UiAutomator2][39m Starting UIAutomator2 server 4.27.0
[35m[UiAutomator2][39m Using UIAutomator2 server from '/home/aldimhr/.nvm/versions/node/v16.17.0/lib/node_modules/appium/node_modules/appium-uiautomator2-server/apks/appium-uiautomator2-server-v4.27.0.apk' and test from '/home/aldimhr/.nvm/versions/node/v16.17.0/lib/node_modules/appium/node_modules/appium-uiautomator2-server/apks/appium-uiautomator2-server-debug-androidTest.apk'
[35m[UiAutomator2][39m Waiting up to 30000ms for UiAutomator2 to be online...
[35m[WD Proxy][39m socket hang up
[35m[WD Proxy][39m socket hang up
[35m[WD Proxy][39m socket hang up
[35m[WD Proxy][39m socket hang up
[35m[WD Proxy][39m socket hang up
[35m[WD Proxy][39m Determined the downstream protocol as 'W3C'
[35m[AndroidDriver][39m Screen already unlocked, doing nothing
[35m[UiAutomator2][39m Starting 'com.android.settings/.Settings and waiting for 'com.android.settings/.Settings'
[35m[Appium][39m New AndroidUiautomator2Driver session created successfully, session 8409e2a8-0549-4206-b7e9-551daa296b14 added to master session list
[35m[HTTP][39m [37m<-- POST /wd/hub/session [39m[32m200[39m [90m25084 ms - 1181[39m
[35m[HTTP][39m [90m[39m
[35m[HTTP][39m [37m-->[39m [37mGET[39m [37m/wd/hub/session/8409e2a8-0549-4206-b7e9-551daa296b14[39m
[35m[HTTP][39m [90m{}[39m
[35m[HTTP][39m [37m<-- GET /wd/hub/session/8409e2a8-0549-4206-b7e9-551daa296b14 [39m[32m200[39m [90m51 ms - 1135[39m
[35m[HTTP][39m [90m[39m
[35m[HTTP][39m [37m-->[39m [37mGET[39m [37m/wd/hub/session/8409e2a8-0549-4206-b7e9-551daa296b14[39m
[35m[HTTP][39m [90m{}[39m
[35m[HTTP][39m [37m<-- GET /wd/hub/session/8409e2a8-0549-4206-b7e9-551daa296b14 [39m[32m200[39m [90m31 ms - 1135[39m
[35m[HTTP][39m [90m[39m
[35m[HTTP][39m [37m-->[39m [37mGET[39m [37m/wd/hub/status[39m
[35m[HTTP][39m [90m{}[39m
[35m[HTTP][39m [37m<-- GET /wd/hub/status [39m[32m200[39m [90m2 ms - 68[39m
[35m[HTTP][39m [90m[39m
[35m[HTTP][39m [37m-->[39m [37mPOST[39m [37m/wd/hub/session/8409e2a8-0549-4206-b7e9-551daa296b14/timeouts[39m
[35m[HTTP][39m [90m{"implicit":30000}[39m
[35m[HTTP][39m [37m<-- POST /wd/hub/session/8409e2a8-0549-4206-b7e9-551daa296b14/timeouts [39m[32m200[39m [90m5 ms - 14[39m
[35m[HTTP][39m [90m[39m
[35m[HTTP][39m [37m-->[39m [37mGET[39m [37m/wd/hub/session/8409e2a8-0549-4206-b7e9-551daa296b14/screenshot[39m
[35m[HTTP][39m [90m{}[39m
[35m[HTTP][39m [37m<-- GET /wd/hub/session/8409e2a8-0549-4206-b7e9-551daa296b14/screenshot [39m[32m200[39m [90m616 ms - 150196[39m
[35m[HTTP][39m [90m[39m
[35m[HTTP][39m [37m-->[39m [37mGET[39m [37m/wd/hub/session/8409e2a8-0549-4206-b7e9-551daa296b14/window/rect[39m
[35m[HTTP][39m [90m{}[39m
[35m[HTTP][39m [37m<-- GET /wd/hub/session/8409e2a8-0549-4206-b7e9-551daa296b14/window/rect [39m[32m200[39m [90m46 ms - 49[39m
[35m[HTTP][39m [90m[39m
[35m[HTTP][39m [37m-->[39m [37mGET[39m [37m/wd/hub/session/8409e2a8-0549-4206-b7e9-551daa296b14/appium/device/system_bars[39m
[35m[HTTP][39m [90m{}[39m
[35m[HTTP][39m [37m<-- GET /wd/hub/session/8409e2a8-0549-4206-b7e9-551daa296b14/appium/device/system_bars [39m[31m500[39m [90m160 ms - 645[39m
[35m[HTTP][39m [90m[39m
[35m[HTTP][39m [37m-->[39m [37mPOST[39m [37m/wd/hub/session/8409e2a8-0549-4206-b7e9-551daa296b14/execute/sync[39m
[35m[HTTP][39m [90m{"script":"mobile:viewportRect","args":[]}[39m
[35m[AndroidDriver][39m Executing native command 'mobile:viewportRect'
[35m[HTTP][39m [37m<-- POST /wd/hub/session/8409e2a8-0549-4206-b7e9-551daa296b14/execute/sync [39m[32m200[39m [90m43 ms - 55[39m
[35m[HTTP][39m [90m[39m
[35m[HTTP][39m [37m-->[39m [37mPOST[39m [37m/wd/hub/session/8409e2a8-0549-4206-b7e9-551daa296b14/appium/device/activate_app[39m
[35m[HTTP][39m [90m{"bundleId":"com.saucelabs.mydemoapp.rn"}[39m
[35m[HTTP][39m [37m<-- POST /wd/hub/session/8409e2a8-0549-4206-b7e9-551daa296b14/appium/device/activate_app [39m[32m200[39m [90m1409 ms - 14[39m
[35m[HTTP][39m [90m[39m
[35m[HTTP][39m [37m-->[39m [37mPOST[39m [37m/wd/hub/session/8409e2a8-0549-4206-b7e9-551daa296b14/timeouts[39m
[35m[HTTP][39m [90m{"implicit":50}[39m
[35m[HTTP][39m [37m<-- POST /wd/hub/session/8409e2a8-0549-4206-b7e9-551daa296b14/timeouts [39m[32m200[39m [90m7 ms - 14[39m
[35m[HTTP][39m [90m[39m
[35m[HTTP][39m [37m-->[39m [37mGET[39m [37m/wd/hub/session/8409e2a8-0549-4206-b7e9-551daa296b14/window/rect[39m
[35m[HTTP][39m [90m{}[39m
[35m[HTTP][39m [37m<-- GET /wd/hub/session/8409e2a8-0549-4206-b7e9-551daa296b14/window/rect [39m[32m200[39m [90m43 ms - 49[39m
[35m[HTTP][39m [90m[39m
[35m[HTTP][39m [37m-->[39m [37mPOST[39m [37m/wd/hub/session/8409e2a8-0549-4206-b7e9-551daa296b14/elements[39m
[35m[HTTP][39m [90m{"using":"xpath","value":"//*[@class = 'android.widget.TextView' and (@text = 'Products' or . = 'Products')]"}[39m
[35m[HTTP][39m [37m<-- POST /wd/hub/session/8409e2a8-0549-4206-b7e9-551daa296b14/elements [39m[32m200[39m [90m2750 ms - 12[39m
[35m[HTTP][39m [90m[39m
[35m[HTTP][39m [37m-->[39m [37mPOST[39m [37m/wd/hub/session/8409e2a8-0549-4206-b7e9-551daa296b14/elements[39m
[35m[HTTP][39m [90m{"using":"xpath","value":"//*[@class = 'android.widget.TextView' and (@text = 'Products' or . = 'Products')]"}[39m
[35m[HTTP][39m [37m<-- POST /wd/hub/session/8409e2a8-0549-4206-b7e9-551daa296b14/elements [39m[32m200[39m [90m370 ms - 12[39m
[35m[HTTP][39m [90m[39m
[35m[HTTP][39m [37m-->[39m [37mPOST[39m [37m/wd/hub/session/8409e2a8-0549-4206-b7e9-551daa296b14/elements[39m
[35m[HTTP][39m [90m{"using":"xpath","value":"//*[@class = 'android.widget.TextView' and (@text = 'Products' or . = 'Products')]"}[39m
[35m[HTTP][39m [37m<-- POST /wd/hub/session/8409e2a8-0549-4206-b7e9-551daa296b14/elements [39m[32m200[39m [90m361 ms - 12[39m
[35m[HTTP][39m [90m[39m
[35m[HTTP][39m [37m-->[39m [37mPOST[39m [37m/wd/hub/session/8409e2a8-0549-4206-b7e9-551daa296b14/elements[39m
[35m[HTTP][39m [90m{"using":"xpath","value":"//*[@class = 'android.widget.TextView' and (@text = 'Products' or . = 'Products')]"}[39m
[35m[HTTP][39m [37m<-- POST /wd/hub/session/8409e2a8-0549-4206-b7e9-551daa296b14/elements [39m[32m200[39m [90m369 ms - 12[39m
[35m[HTTP][39m [90m[39m
[35m[HTTP][39m [37m-->[39m [37mPOST[39m [37m/wd/hub/session/8409e2a8-0549-4206-b7e9-551daa296b14/elements[39m
[35m[HTTP][39m [90m{"using":"xpath","value":"//*[@class = 'android.widget.TextView' and (@text = 'Products' or . = 'Products')]"}[39m
[35m[HTTP][39m [37m<-- POST /wd/hub/session/8409e2a8-0549-4206-b7e9-551daa296b14/elements [39m[32m200[39m [90m2619 ms - 139[39m
[35m[HTTP][39m [90m[39m
[35m[HTTP][39m [37m-->[39m [37mGET[39m [37m/wd/hub/session/8409e2a8-0549-4206-b7e9-551daa296b14/element/00000000-0000-01c0-ffff-ffff00000047/location[39m
[35m[HTTP][39m [90m{}[39m
[35m[W3C (8409e2a8)][39m Driver proxy active, passing request on via HTTP proxy
[35m[WD Proxy][39m Replacing sessionId a4db96de-5f16-47fb-9dcf-24f28c704657 with 8409e2a8-0549-4206-b7e9-551daa296b14
[35m[HTTP][39m [37m<-- GET /wd/hub/session/8409e2a8-0549-4206-b7e9-551daa296b14/element/00000000-0000-01c0-ffff-ffff00000047/location [39m[32m200[39m [90m89 ms - 77[39m
[35m[HTTP][39m [90m[39m
[35m[HTTP][39m [37m-->[39m [37mPOST[39m [37m/wd/hub/session/8409e2a8-0549-4206-b7e9-551daa296b14/timeouts[39m
[35m[HTTP][39m [90m{"implicit":30000}[39m
[35m[HTTP][39m [37m<-- POST /wd/hub/session/8409e2a8-0549-4206-b7e9-551daa296b14/timeouts [39m[32m200[39m [90m4 ms - 14[39m
[35m[HTTP][39m [90m[39m
[35m[HTTP][39m [37m-->[39m [37mPOST[39m [37m/wd/hub/session/8409e2a8-0549-4206-b7e9-551daa296b14/timeouts[39m
[35m[HTTP][39m [90m{"implicit":50}[39m
[35m[HTTP][39m [37m<-- POST /wd/hub/session/8409e2a8-0549-4206-b7e9-551daa296b14/timeouts [39m[32m200[39m [90m3 ms - 14[39m
[35m[HTTP][39m [90m[39m
[35m[HTTP][39m [37m-->[39m [37mGET[39m [37m/wd/hub/session/8409e2a8-0549-4206-b7e9-551daa296b14/window/rect[39m
[35m[HTTP][39m [90m{}[39m
[35m[HTTP][39m [37m<-- GET /wd/hub/session/8409e2a8-0549-4206-b7e9-551daa296b14/window/rect [39m[32m200[39m [90m45 ms - 49[39m
[35m[HTTP][39m [90m[39m
[35m[HTTP][39m [37m-->[39m [37mPOST[39m [37m/wd/hub/session/8409e2a8-0549-4206-b7e9-551daa296b14/elements[39m
[35m[HTTP][39m [90m{"using":"xpath","value":"//*[@class = 'android.widget.TextView' and (@text = 'Products' or . = 'Products')]"}[39m
[35m[HTTP][39m [37m<-- POST /wd/hub/session/8409e2a8-0549-4206-b7e9-551daa296b14/elements [39m[32m200[39m [90m1031 ms - 139[39m
[35m[HTTP][39m [90m[39m
[35m[HTTP][39m [37m-->[39m [37mGET[39m [37m/wd/hub/session/8409e2a8-0549-4206-b7e9-551daa296b14/element/00000000-0000-01c0-ffff-ffff00000047/location[39m
[35m[HTTP][39m [90m{}[39m
[35m[W3C (8409e2a8)][39m Driver proxy active, passing request on via HTTP proxy
[35m[WD Proxy][39m Replacing sessionId a4db96de-5f16-47fb-9dcf-24f28c704657 with 8409e2a8-0549-4206-b7e9-551daa296b14
[35m[HTTP][39m [37m<-- GET /wd/hub/session/8409e2a8-0549-4206-b7e9-551daa296b14/element/00000000-0000-01c0-ffff-ffff00000047/location [39m[32m200[39m [90m47 ms - 77[39m
[35m[HTTP][39m [90m[39m
[35m[HTTP][39m [37m-->[39m [37mPOST[39m [37m/wd/hub/session/8409e2a8-0549-4206-b7e9-551daa296b14/timeouts[39m
[35m[HTTP][39m [90m{"implicit":30000}[39m
[35m[HTTP][39m [37m<-- POST /wd/hub/session/8409e2a8-0549-4206-b7e9-551daa296b14/timeouts [39m[32m200[39m [90m2 ms - 14[39m
[35m[HTTP][39m [90m[39m
[35m[HTTP][39m [37m-->[39m [37mPOST[39m [37m/wd/hub/session/8409e2a8-0549-4206-b7e9-551daa296b14/timeouts[39m
[35m[HTTP][39m [90m{"implicit":50}[39m
[35m[HTTP][39m [37m<-- POST /wd/hub/session/8409e2a8-0549-4206-b7e9-551daa296b14/timeouts [39m[32m200[39m [90m2 ms - 14[39m
[35m[HTTP][39m [90m[39m
[35m[HTTP][39m [37m-->[39m [37mGET[39m [37m/wd/hub/session/8409e2a8-0549-4206-b7e9-551daa296b14/window/rect[39m
[35m[HTTP][39m [90m{}[39m
[35m[HTTP][39m [37m<-- GET /wd/hub/session/8409e2a8-0549-4206-b7e9-551daa296b14/window/rect [39m[32m200[39m [90m34 ms - 49[39m
[35m[HTTP][39m [90m[39m
[35m[HTTP][39m [37m-->[39m [37mPOST[39m [37m/wd/hub/session/8409e2a8-0549-4206-b7e9-551daa296b14/elements[39m
[35m[HTTP][39m [90m{"using":"xpath","value":"//hierarchy/android.widget.FrameLayout[1]/android.widget.LinearLayout[1]/android.widget.FrameLayout[1]/android.widget.LinearLayout[1]/android.widget.FrameLayout[1]/android.widget.FrameLayout[1]/android.view.ViewGroup[1]/android.view.ViewGroup[1]/android.view.ViewGroup[1]/android.view.ViewGroup[1]/android.view.ViewGroup[1]/android.view.ViewGroup[1]/android.widget.FrameLayout[1]/android.view.ViewGroup[1]/android.view.ViewGroup[1]/android.view.ViewGroup[1]/android.view.ViewGroup[1]/android.view.ViewGroup[1]/android.widget.FrameLayout[1]/android.view.ViewGroup[1]/android.view.ViewGroup[1]/android.view.ViewGroup[1]/android.view.ViewGroup[1]/android.view.ViewGroup[1]/android.view.ViewGroup[1]/android.view.ViewGroup[1]/android.view.ViewGroup[1]/android.view.ViewGroup[1]/android.widget.ImageView[1]"}[39m
[35m[HTTP][39m [37m<-- POST /wd/hub/session/8409e2a8-0549-4206-b7e9-551daa296b14/elements [39m[32m200[39m [90m747 ms - 139[39m
[35m[HTTP][39m [90m[39m
[35m[HTTP][39m [37m-->[39m [37mGET[39m [37m/wd/hub/session/8409e2a8-0549-4206-b7e9-551daa296b14/element/00000000-0000-01c0-ffff-ffff0000006c/location[39m
[35m[HTTP][39m [90m{}[39m
[35m[W3C (8409e2a8)][39m Driver proxy active, passing request on via HTTP proxy
[35m[WD Proxy][39m Replacing sessionId a4db96de-5f16-47fb-9dcf-24f28c704657 with 8409e2a8-0549-4206-b7e9-551daa296b14
[35m[HTTP][39m [37m<-- GET /wd/hub/session/8409e2a8-0549-4206-b7e9-551daa296b14/element/00000000-0000-01c0-ffff-ffff0000006c/location [39m[32m200[39m [90m42 ms - 76[39m
[35m[HTTP][39m [90m[39m
[35m[HTTP][39m [37m-->[39m [37mPOST[39m [37m/wd/hub/session/8409e2a8-0549-4206-b7e9-551daa296b14/timeouts[39m
[35m[HTTP][39m [90m{"implicit":30000}[39m
[35m[HTTP][39m [37m<-- POST /wd/hub/session/8409e2a8-0549-4206-b7e9-551daa296b14/timeouts [39m[32m200[39m [90m3 ms - 14[39m
[35m[HTTP][39m [90m[39m
[35m[HTTP][39m [37m-->[39m [37mPOST[39m [37m/wd/hub/session/8409e2a8-0549-4206-b7e9-551daa296b14/element/00000000-0000-01c0-ffff-ffff0000006c/click[39m
[35m[HTTP][39m [90m{"id":"00000000-0000-01c0-ffff-ffff0000006c"}[39m
[35m[HTTP][39m [37m<-- POST /wd/hub/session/8409e2a8-0549-4206-b7e9-551daa296b14/element/00000000-0000-01c0-ffff-ffff0000006c/click [39m[32m200[39m [90m74 ms - 14[39m
[35m[HTTP][39m [90m[39m
[35m[HTTP][39m [37m-->[39m [37mPOST[39m [37m/wd/hub/session/8409e2a8-0549-4206-b7e9-551daa296b14/timeouts[39m
[35m[HTTP][39m [90m{"implicit":50}[39m
[35m[HTTP][39m [37m<-- POST /wd/hub/session/8409e2a8-0549-4206-b7e9-551daa296b14/timeouts [39m[32m200[39m [90m3 ms - 14[39m
[35m[HTTP][39m [90m[39m
[35m[HTTP][39m [37m-->[39m [37mGET[39m [37m/wd/hub/session/8409e2a8-0549-4206-b7e9-551daa296b14/window/rect[39m
[35m[HTTP][39m [90m{}[39m
[35m[HTTP][39m [37m<-- GET /wd/hub/session/8409e2a8-0549-4206-b7e9-551daa296b14/window/rect [39m[32m200[39m [90m46 ms - 49[39m
[35m[HTTP][39m [90m[39m
[35m[HTTP][39m [37m-->[39m [37mPOST[39m [37m/wd/hub/session/8409e2a8-0549-4206-b7e9-551daa296b14/elements[39m
[35m[HTTP][39m [90m{"using":"xpath","value":"//*[@class = 'android.widget.TextView' and (@text = 'Webview' or . = 'Webview')]"}[39m
[35m[HTTP][39m [37m<-- POST /wd/hub/session/8409e2a8-0549-4206-b7e9-551daa296b14/elements [39m[32m200[39m [90m2451 ms - 139[39m
[35m[HTTP][39m [90m[39m
[35m[HTTP][39m [37m-->[39m [37mGET[39m [37m/wd/hub/session/8409e2a8-0549-4206-b7e9-551daa296b14/element/00000000-0000-01c0-ffff-ffff00000074/location[39m
[35m[HTTP][39m [90m{}[39m
[35m[W3C (8409e2a8)][39m Driver proxy active, passing request on via HTTP proxy
[35m[WD Proxy][39m Replacing sessionId a4db96de-5f16-47fb-9dcf-24f28c704657 with 8409e2a8-0549-4206-b7e9-551daa296b14
[35m[HTTP][39m [37m<-- GET /wd/hub/session/8409e2a8-0549-4206-b7e9-551daa296b14/element/00000000-0000-01c0-ffff-ffff00000074/location [39m[32m200[39m [90m52 ms - 76[39m
[35m[HTTP][39m [90m[39m
[35m[HTTP][39m [37m-->[39m [37mPOST[39m [37m/wd/hub/session/8409e2a8-0549-4206-b7e9-551daa296b14/timeouts[39m
[35m[HTTP][39m [90m{"implicit":30000}[39m
[35m[HTTP][39m [37m<-- POST /wd/hub/session/8409e2a8-0549-4206-b7e9-551daa296b14/timeouts [39m[32m200[39m [90m3 ms - 14[39m
[35m[HTTP][39m [90m[39m
[35m[HTTP][39m [37m-->[39m [37mPOST[39m [37m/wd/hub/session/8409e2a8-0549-4206-b7e9-551daa296b14/timeouts[39m
[35m[HTTP][39m [90m{"implicit":50}[39m
[35m[HTTP][39m [37m<-- POST /wd/hub/session/8409e2a8-0549-4206-b7e9-551daa296b14/timeouts [39m[32m200[39m [90m3 ms - 14[39m
[35m[HTTP][39m [90m[39m
[35m[HTTP][39m [37m-->[39m [37mGET[39m [37m/wd/hub/session/8409e2a8-0549-4206-b7e9-551daa296b14/window/rect[39m
[35m[HTTP][39m [90m{}[39m
[35m[HTTP][39m [37m<-- GET /wd/hub/session/8409e2a8-0549-4206-b7e9-551daa296b14/window/rect [39m[32m200[39m [90m36 ms - 49[39m
[35m[HTTP][39m [90m[39m
[35m[HTTP][39m [37m-->[39m [37mPOST[39m [37m/wd/hub/session/8409e2a8-0549-4206-b7e9-551daa296b14/elements[39m
[35m[HTTP][39m [90m{"using":"xpath","value":"//*[@class = 'android.widget.TextView' and (@text = 'Webview' or . = 'Webview')]"}[39m
[35m[HTTP][39m [37m<-- POST /wd/hub/session/8409e2a8-0549-4206-b7e9-551daa296b14/elements [39m[32m200[39m [90m784 ms - 139[39m
[35m[HTTP][39m [90m[39m
[35m[HTTP][39m [37m-->[39m [37mGET[39m [37m/wd/hub/session/8409e2a8-0549-4206-b7e9-551daa296b14/element/00000000-0000-01c0-ffff-ffff00000074/location[39m
[35m[HTTP][39m [90m{}[39m
[35m[W3C (8409e2a8)][39m Driver proxy active, passing request on via HTTP proxy
[35m[WD Proxy][39m Replacing sessionId a4db96de-5f16-47fb-9dcf-24f28c704657 with 8409e2a8-0549-4206-b7e9-551daa296b14
[35m[HTTP][39m [37m<-- GET /wd/hub/session/8409e2a8-0549-4206-b7e9-551daa296b14/element/00000000-0000-01c0-ffff-ffff00000074/location [39m[32m200[39m [90m40 ms - 76[39m
[35m[HTTP][39m [90m[39m
[35m[HTTP][39m [37m-->[39m [37mPOST[39m [37m/wd/hub/session/8409e2a8-0549-4206-b7e9-551daa296b14/timeouts[39m
[35m[HTTP][39m [90m{"implicit":30000}[39m
[35m[HTTP][39m [37m<-- POST /wd/hub/session/8409e2a8-0549-4206-b7e9-551daa296b14/timeouts [39m[32m200[39m [90m2 ms - 14[39m
[35m[HTTP][39m [90m[39m
[35m[HTTP][39m [37m-->[39m [37mPOST[39m [37m/wd/hub/session/8409e2a8-0549-4206-b7e9-551daa296b14/element/00000000-0000-01c0-ffff-ffff00000074/click[39m
[35m[HTTP][39m [90m{"id":"00000000-0000-01c0-ffff-ffff00000074"}[39m
[35m[HTTP][39m [37m<-- POST /wd/hub/session/8409e2a8-0549-4206-b7e9-551daa296b14/element/00000000-0000-01c0-ffff-ffff00000074/click [39m[32m200[39m [90m72 ms - 14[39m
[35m[HTTP][39m [90m[39m
[35m[HTTP][39m [37m-->[39m [37mPOST[39m [37m/wd/hub/session/8409e2a8-0549-4206-b7e9-551daa296b14/timeouts[39m
[35m[HTTP][39m [90m{"implicit":50}[39m
[35m[HTTP][39m [37m<-- POST /wd/hub/session/8409e2a8-0549-4206-b7e9-551daa296b14/timeouts [39m[32m200[39m [90m3 ms - 14[39m
[35m[HTTP][39m [90m[39m
[35m[HTTP][39m [37m-->[39m [37mGET[39m [37m/wd/hub/session/8409e2a8-0549-4206-b7e9-551daa296b14/window/rect[39m
[35m[HTTP][39m [90m{}[39m
[35m[HTTP][39m [37m<-- GET /wd/hub/session/8409e2a8-0549-4206-b7e9-551daa296b14/window/rect [39m[32m200[39m [90m31 ms - 49[39m
[35m[HTTP][39m [90m[39m
[35m[HTTP][39m [37m-->[39m [37mPOST[39m [37m/wd/hub/session/8409e2a8-0549-4206-b7e9-551daa296b14/elements[39m
[35m[HTTP][39m [90m{"using":"xpath","value":"//hierarchy/android.widget.FrameLayout[1]/android.widget.LinearLayout[1]/android.widget.FrameLayout[1]/android.widget.LinearLayout[1]/android.widget.FrameLayout[1]/android.widget.FrameLayout[1]/android.view.ViewGroup[1]/android.view.ViewGroup[1]/android.view.ViewGroup[1]/android.view.ViewGroup[1]/android.view.ViewGroup[1]/android.view.ViewGroup[1]/android.widget.FrameLayout[1]/android.view.ViewGroup[1]/android.view.ViewGroup[1]/android.view.ViewGroup[1]/android.view.ViewGroup[1]/android.view.ViewGroup[1]/android.widget.FrameLayout[1]/android.view.ViewGroup[1]/android.view.ViewGroup[1]/android.view.ViewGroup[1]"}[39m
[35m[HTTP][39m [37m<-- POST /wd/hub/session/8409e2a8-0549-4206-b7e9-551daa296b14/elements [39m[32m200[39m [90m615 ms - 12[39m
[35m[HTTP][39m [90m[39m
[35m[HTTP][39m [37m-->[39m [37mPOST[39m [37m/wd/hub/session/8409e2a8-0549-4206-b7e9-551daa296b14/elements[39m
[35m[HTTP][39m [90m{"using":"xpath","value":"//hierarchy/android.widget.FrameLayout[1]/android.widget.LinearLayout[1]/android.widget.FrameLayout[1]/android.widget.LinearLayout[1]/android.widget.FrameLayout[1]/android.widget.FrameLayout[1]/android.view.ViewGroup[1]/android.view.ViewGroup[1]/android.view.ViewGroup[1]/android.view.ViewGroup[1]/android.view.ViewGroup[1]/android.view.ViewGroup[1]/android.widget.FrameLayout[1]/android.view.ViewGroup[1]/android.view.ViewGroup[1]/android.view.ViewGroup[1]/android.view.ViewGroup[1]/android.view.ViewGroup[1]/android.widget.FrameLayout[1]/android.view.ViewGroup[1]/android.view.ViewGroup[1]/android.view.ViewGroup[1]"}[39m
[35m[HTTP][39m [37m<-- POST /wd/hub/session/8409e2a8-0549-4206-b7e9-551daa296b14/elements [39m[32m200[39m [90m1383 ms - 139[39m
[35m[HTTP][39m [90m[39m
[35m[HTTP][39m [37m-->[39m [37mGET[39m [37m/wd/hub/session/8409e2a8-0549-4206-b7e9-551daa296b14/element/00000000-0000-01c0-ffff-ffff0000009e/location[39m
[35m[HTTP][39m [90m{}[39m
[35m[W3C (8409e2a8)][39m Driver proxy active, passing request on via HTTP proxy
[35m[WD Proxy][39m Replacing sessionId a4db96de-5f16-47fb-9dcf-24f28c704657 with 8409e2a8-0549-4206-b7e9-551daa296b14
[35m[HTTP][39m [37m<-- GET /wd/hub/session/8409e2a8-0549-4206-b7e9-551daa296b14/element/00000000-0000-01c0-ffff-ffff0000009e/location [39m[32m200[39m [90m43 ms - 75[39m
[35m[HTTP][39m [90m[39m
[35m[HTTP][39m [37m-->[39m [37mPOST[39m [37m/wd/hub/session/8409e2a8-0549-4206-b7e9-551daa296b14/timeouts[39m
[35m[HTTP][39m [90m{"implicit":30000}[39m
[35m[HTTP][39m [37m<-- POST /wd/hub/session/8409e2a8-0549-4206-b7e9-551daa296b14/timeouts [39m[32m200[39m [90m2 ms - 14[39m
[35m[HTTP][39m [90m[39m
[35m[HTTP][39m [37m-->[39m [37mPOST[39m [37m/wd/hub/session/8409e2a8-0549-4206-b7e9-551daa296b14/timeouts[39m
[35m[HTTP][39m [90m{"implicit":50}[39m
[35m[HTTP][39m [37m<-- POST /wd/hub/session/8409e2a8-0549-4206-b7e9-551daa296b14/timeouts [39m[32m200[39m [90m2 ms - 14[39m
[35m[HTTP][39m [90m[39m
[35m[HTTP][39m [37m-->[39m [37mGET[39m [37m/wd/hub/session/8409e2a8-0549-4206-b7e9-551daa296b14/window/rect[39m
[35m[HTTP][39m [90m{}[39m
[35m[HTTP][39m [37m<-- GET /wd/hub/session/8409e2a8-0549-4206-b7e9-551daa296b14/window/rect [39m[32m200[39m [90m30 ms - 49[39m
[35m[HTTP][39m [90m[39m
[35m[HTTP][39m [37m-->[39m [37mPOST[39m [37m/wd/hub/session/8409e2a8-0549-4206-b7e9-551daa296b14/elements[39m
[35m[HTTP][39m [90m{"using":"xpath","value":"//hierarchy/android.widget.FrameLayout[1]/android.widget.LinearLayout[1]/android.widget.FrameLayout[1]/android.widget.LinearLayout[1]/android.widget.FrameLayout[1]/android.widget.FrameLayout[1]/android.view.ViewGroup[1]/android.view.ViewGroup[1]/android.view.ViewGroup[1]/android.view.ViewGroup[1]/android.view.ViewGroup[1]/android.view.ViewGroup[1]/android.widget.FrameLayout[1]/android.view.ViewGroup[1]/android.view.ViewGroup[1]/android.view.ViewGroup[1]/android.view.ViewGroup[1]/android.view.ViewGroup[1]/android.widget.FrameLayout[1]/android.view.ViewGroup[1]/android.view.ViewGroup[1]/android.view.ViewGroup[1]"}[39m
[35m[HTTP][39m [37m<-- POST /wd/hub/session/8409e2a8-0549-4206-b7e9-551daa296b14/elements [39m[32m200[39m [90m297 ms - 139[39m
[35m[HTTP][39m [90m[39m
[35m[HTTP][39m [37m-->[39m [37mGET[39m [37m/wd/hub/session/8409e2a8-0549-4206-b7e9-551daa296b14/element/00000000-0000-01c0-ffff-ffff0000009e/location[39m
[35m[HTTP][39m [90m{}[39m
[35m[W3C (8409e2a8)][39m Driver proxy active, passing request on via HTTP proxy
[35m[WD Proxy][39m Replacing sessionId a4db96de-5f16-47fb-9dcf-24f28c704657 with 8409e2a8-0549-4206-b7e9-551daa296b14
[35m[HTTP][39m [37m<-- GET /wd/hub/session/8409e2a8-0549-4206-b7e9-551daa296b14/element/00000000-0000-01c0-ffff-ffff0000009e/location [39m[32m200[39m [90m38 ms - 75[39m
[35m[HTTP][39m [90m[39m
[35m[HTTP][39m [37m-->[39m [37mPOST[39m [37m/wd/hub/session/8409e2a8-0549-4206-b7e9-551daa296b14/timeouts[39m
[35m[HTTP][39m [90m{"implicit":30000}[39m
[35m[HTTP][39m [37m<-- POST /wd/hub/session/8409e2a8-0549-4206-b7e9-551daa296b14/timeouts [39m[32m200[39m [90m2 ms - 14[39m
[35m[HTTP][39m [90m[39m
[35m[HTTP][39m [37m-->[39m [37mGET[39m [37m/wd/hub/session/8409e2a8-0549-4206-b7e9-551daa296b14/element/00000000-0000-01c0-ffff-ffff0000009e/displayed[39m
[35m[HTTP][39m [90m{}[39m
[35m[HTTP][39m [37m<-- GET /wd/hub/session/8409e2a8-0549-4206-b7e9-551daa296b14/element/00000000-0000-01c0-ffff-ffff0000009e/displayed [39m[32m200[39m [90m28 ms - 14[39m
[35m[HTTP][39m [90m[39m
[35m[HTTP][39m [37m-->[39m [37mPOST[39m [37m/wd/hub/session/8409e2a8-0549-4206-b7e9-551daa296b14/appium/device/terminate_app[39m
[35m[HTTP][39m [90m{"bundleId":"com.saucelabs.mydemoapp.rn"}[39m
[35m[AndroidDriver][39m Terminating 'com.saucelabs.mydemoapp.rn'
[35m[AndroidDriver][39m Querying the state of 'com.saucelabs.mydemoapp.rn'
[35m[AndroidDriver][39m 'com.saucelabs.mydemoapp.rn' has been successfully terminated
[35m[HTTP][39m [37m<-- POST /wd/hub/session/8409e2a8-0549-4206-b7e9-551daa296b14/appium/device/terminate_app [39m[32m200[39m [90m1331 ms - 14[39m
[35m[HTTP][39m [90m[39m
[35m[HTTP][39m [37m-->[39m [37mGET[39m [37m/wd/hub/status[39m
[35m[HTTP][39m [90m{}[39m
[35m[HTTP][39m [37m<-- GET /wd/hub/status [39m[32m200[39m [90m2 ms - 68[39m
[35m[HTTP][39m [90m[39m
[35m[HTTP][39m [37m-->[39m [37mPOST[39m [37m/wd/hub/session[39m
[35m[HTTP][39m [90m{"desiredCapabilities":{"appActivity":".Settings","appPackage":"com.android.settings","newCommandTimeout":1800,"platformVersion":"8.0.0","automationName":"uiautomator2","autoGrantPermissions":true,"platformName":"Android","udid":"42008534d6e7b395","deviceName":"samsung SM-G570Y (Android 8.0.0)","platform":"ANDROID","systemPort":8293},"capabilities":{"firstMatch":[{"appium:appActivity":".Settings","appium:appPackage":"com.android.settings","appium:autoGrantPermissions":true,"appium:automationName":"uiautomator2","appium:deviceName":"samsung SM-G570Y (Android 8.0.0)","appium:newCommandTimeout":1800,"platform":"ANDROID","platformName":"android","appium:platformVersion":"8.0.0","appium:systemPort":8293,"appium:udid":"42008534d6e7b395"}]}}[39m
[35m[BaseDriver][39m The following capabilities are not standard capabilities and should have an extension prefix:
[35m[BaseDriver][39m   platform
[35m[BaseDriver][39m   chromedriverPort
[35m[Appium][39m Appium v1.22.3 creating new AndroidUiautomator2Driver (v1.70.1) session
[35m[BaseDriver][39m The following capabilities were provided, but are not recognized by Appium:
[35m[BaseDriver][39m   platform
[35m[BaseDriver][39m Session created with session id: defadbfc-1bd9-428a-b504-94adf45ffefb
[35m[UiAutomator2][39m Starting 'com.android.settings' directly on the device
[35m[ADB][39m Using 'adb' from '/home/aldimhr/.katalon/tools/android_sdk/platform-tools/adb'
[35m[AndroidDriver][39m Retrieving device list
[35m[AndroidDriver][39m Using device: 42008534d6e7b395
[35m[ADB][39m Using 'adb' from '/home/aldimhr/.katalon/tools/android_sdk/platform-tools/adb'
[35m[AndroidDriver][39m No app sent in, not parsing package/activity
[35m[UiAutomator2][39m Server packages are not going to be (re)installed
[35m[ADB][39m Adding packages ["io.appium.settings","io.appium.uiautomator2.server","io.appium.uiautomator2.server.test"] to Doze whitelist
[35m[UiAutomator2][39m Starting UIAutomator2 server 4.27.0
[35m[UiAutomator2][39m Using UIAutomator2 server from '/home/aldimhr/.nvm/versions/node/v16.17.0/lib/node_modules/appium/node_modules/appium-uiautomator2-server/apks/appium-uiautomator2-server-v4.27.0.apk' and test from '/home/aldimhr/.nvm/versions/node/v16.17.0/lib/node_modules/appium/node_modules/appium-uiautomator2-server/apks/appium-uiautomator2-server-debug-androidTest.apk'
[35m[UiAutomator2][39m Waiting up to 30000ms for UiAutomator2 to be online...
[35m[WD Proxy][39m socket hang up
[35m[WD Proxy][39m socket hang up
[35m[WD Proxy][39m socket hang up
[35m[WD Proxy][39m socket hang up
[35m[WD Proxy][39m socket hang up
[35m[WD Proxy][39m socket hang up
[35m[WD Proxy][39m Determined the downstream protocol as 'W3C'
[35m[AndroidDriver][39m Screen already unlocked, doing nothing
[35m[UiAutomator2][39m Starting 'com.android.settings/.Settings and waiting for 'com.android.settings/.Settings'
[35m[Appium][39m New AndroidUiautomator2Driver session created successfully, session defadbfc-1bd9-428a-b504-94adf45ffefb added to master session list
[35m[HTTP][39m [37m<-- POST /wd/hub/session [39m[32m200[39m [90m25981 ms - 1181[39m
[35m[HTTP][39m [90m[39m
[35m[HTTP][39m [37m-->[39m [37mGET[39m [37m/wd/hub/session/defadbfc-1bd9-428a-b504-94adf45ffefb[39m
[35m[HTTP][39m [90m{}[39m
[35m[HTTP][39m [37m<-- GET /wd/hub/session/defadbfc-1bd9-428a-b504-94adf45ffefb [39m[32m200[39m [90m41 ms - 1135[39m
[35m[HTTP][39m [90m[39m
[35m[HTTP][39m [37m-->[39m [37mGET[39m [37m/wd/hub/session/defadbfc-1bd9-428a-b504-94adf45ffefb[39m
[35m[HTTP][39m [90m{}[39m
[35m[HTTP][39m [37m<-- GET /wd/hub/session/defadbfc-1bd9-428a-b504-94adf45ffefb [39m[32m200[39m [90m31 ms - 1135[39m
[35m[HTTP][39m [90m[39m
[35m[HTTP][39m [37m-->[39m [37mGET[39m [37m/wd/hub/status[39m
[35m[HTTP][39m [90m{}[39m
[35m[HTTP][39m [37m<-- GET /wd/hub/status [39m[32m200[39m [90m2 ms - 68[39m
[35m[HTTP][39m [90m[39m
[35m[HTTP][39m [37m-->[39m [37mPOST[39m [37m/wd/hub/session/defadbfc-1bd9-428a-b504-94adf45ffefb/timeouts[39m
[35m[HTTP][39m [90m{"implicit":30000}[39m
[35m[HTTP][39m [37m<-- POST /wd/hub/session/defadbfc-1bd9-428a-b504-94adf45ffefb/timeouts [39m[32m200[39m [90m6 ms - 14[39m
[35m[HTTP][39m [90m[39m
[35m[HTTP][39m [37m-->[39m [37mGET[39m [37m/wd/hub/session/defadbfc-1bd9-428a-b504-94adf45ffefb/screenshot[39m
[35m[HTTP][39m [90m{}[39m
[35m[HTTP][39m [37m<-- GET /wd/hub/session/defadbfc-1bd9-428a-b504-94adf45ffefb/screenshot [39m[32m200[39m [90m685 ms - 32732[39m
[35m[HTTP][39m [90m[39m
[35m[HTTP][39m [37m-->[39m [37mGET[39m [37m/wd/hub/session/defadbfc-1bd9-428a-b504-94adf45ffefb/window/rect[39m
[35m[HTTP][39m [90m{}[39m
[35m[HTTP][39m [37m<-- GET /wd/hub/session/defadbfc-1bd9-428a-b504-94adf45ffefb/window/rect [39m[32m200[39m [90m36 ms - 49[39m
[35m[HTTP][39m [90m[39m
[35m[HTTP][39m [37m-->[39m [37mGET[39m [37m/wd/hub/session/defadbfc-1bd9-428a-b504-94adf45ffefb/appium/device/system_bars[39m
[35m[HTTP][39m [90m{}[39m
[35m[HTTP][39m [37m<-- GET /wd/hub/session/defadbfc-1bd9-428a-b504-94adf45ffefb/appium/device/system_bars [39m[31m500[39m [90m77 ms - 645[39m
[35m[HTTP][39m [90m[39m
[35m[HTTP][39m [37m-->[39m [37mPOST[39m [37m/wd/hub/session/defadbfc-1bd9-428a-b504-94adf45ffefb/execute/sync[39m
[35m[HTTP][39m [90m{"script":"mobile:viewportRect","args":[]}[39m
[35m[AndroidDriver][39m Executing native command 'mobile:viewportRect'
[35m[HTTP][39m [37m<-- POST /wd/hub/session/defadbfc-1bd9-428a-b504-94adf45ffefb/execute/sync [39m[32m200[39m [90m36 ms - 55[39m
[35m[HTTP][39m [90m[39m
[35m[HTTP][39m [37m-->[39m [37mPOST[39m [37m/wd/hub/session/defadbfc-1bd9-428a-b504-94adf45ffefb/appium/device/activate_app[39m
[35m[HTTP][39m [90m{"bundleId":"com.saucelabs.mydemoapp.rn"}[39m
[35m[HTTP][39m [37m<-- POST /wd/hub/session/defadbfc-1bd9-428a-b504-94adf45ffefb/appium/device/activate_app [39m[32m200[39m [90m1373 ms - 14[39m
[35m[HTTP][39m [90m[39m
[35m[HTTP][39m [37m-->[39m [37mPOST[39m [37m/wd/hub/session/defadbfc-1bd9-428a-b504-94adf45ffefb/timeouts[39m
[35m[HTTP][39m [90m{"implicit":50}[39m
[35m[HTTP][39m [37m<-- POST /wd/hub/session/defadbfc-1bd9-428a-b504-94adf45ffefb/timeouts [39m[32m200[39m [90m4 ms - 14[39m
[35m[HTTP][39m [90m[39m
[35m[HTTP][39m [37m-->[39m [37mGET[39m [37m/wd/hub/session/defadbfc-1bd9-428a-b504-94adf45ffefb/window/rect[39m
[35m[HTTP][39m [90m{}[39m
[35m[HTTP][39m [37m<-- GET /wd/hub/session/defadbfc-1bd9-428a-b504-94adf45ffefb/window/rect [39m[32m200[39m [90m52 ms - 49[39m
[35m[HTTP][39m [90m[39m
[35m[HTTP][39m [37m-->[39m [37mPOST[39m [37m/wd/hub/session/defadbfc-1bd9-428a-b504-94adf45ffefb/elements[39m
[35m[HTTP][39m [90m{"using":"xpath","value":"//*[@class = 'android.widget.TextView' and (@text = 'Products' or . = 'Products')]"}[39m
[35m[HTTP][39m [37m<-- POST /wd/hub/session/defadbfc-1bd9-428a-b504-94adf45ffefb/elements [39m[32m200[39m [90m2686 ms - 12[39m
[35m[HTTP][39m [90m[39m
[35m[HTTP][39m [37m-->[39m [37mPOST[39m [37m/wd/hub/session/defadbfc-1bd9-428a-b504-94adf45ffefb/elements[39m
[35m[HTTP][39m [90m{"using":"xpath","value":"//*[@class = 'android.widget.TextView' and (@text = 'Products' or . = 'Products')]"}[39m
[35m[HTTP][39m [37m<-- POST /wd/hub/session/defadbfc-1bd9-428a-b504-94adf45ffefb/elements [39m[32m200[39m [90m404 ms - 12[39m
[35m[HTTP][39m [90m[39m
[35m[HTTP][39m [37m-->[39m [37mPOST[39m [37m/wd/hub/session/defadbfc-1bd9-428a-b504-94adf45ffefb/elements[39m
[35m[HTTP][39m [90m{"using":"xpath","value":"//*[@class = 'android.widget.TextView' and (@text = 'Products' or . = 'Products')]"}[39m
[35m[HTTP][39m [37m<-- POST /wd/hub/session/defadbfc-1bd9-428a-b504-94adf45ffefb/elements [39m[32m200[39m [90m331 ms - 12[39m
[35m[HTTP][39m [90m[39m
[35m[HTTP][39m [37m-->[39m [37mPOST[39m [37m/wd/hub/session/defadbfc-1bd9-428a-b504-94adf45ffefb/elements[39m
[35m[HTTP][39m [90m{"using":"xpath","value":"//*[@class = 'android.widget.TextView' and (@text = 'Products' or . = 'Products')]"}[39m
[35m[HTTP][39m [37m<-- POST /wd/hub/session/defadbfc-1bd9-428a-b504-94adf45ffefb/elements [39m[32m200[39m [90m309 ms - 12[39m
[35m[HTTP][39m [90m[39m
[35m[HTTP][39m [37m-->[39m [37mPOST[39m [37m/wd/hub/session/defadbfc-1bd9-428a-b504-94adf45ffefb/elements[39m
[35m[HTTP][39m [90m{"using":"xpath","value":"//*[@class = 'android.widget.TextView' and (@text = 'Products' or . = 'Products')]"}[39m
[35m[HTTP][39m [37m<-- POST /wd/hub/session/defadbfc-1bd9-428a-b504-94adf45ffefb/elements [39m[32m200[39m [90m296 ms - 12[39m
[35m[HTTP][39m [90m[39m
[35m[HTTP][39m [37m-->[39m [37mPOST[39m [37m/wd/hub/session/defadbfc-1bd9-428a-b504-94adf45ffefb/elements[39m
[35m[HTTP][39m [90m{"using":"xpath","value":"//*[@class = 'android.widget.TextView' and (@text = 'Products' or . = 'Products')]"}[39m
[35m[HTTP][39m [37m<-- POST /wd/hub/session/defadbfc-1bd9-428a-b504-94adf45ffefb/elements [39m[32m200[39m [90m2861 ms - 139[39m
[35m[HTTP][39m [90m[39m
[35m[HTTP][39m [37m-->[39m [37mGET[39m [37m/wd/hub/session/defadbfc-1bd9-428a-b504-94adf45ffefb/element/00000000-0000-01d5-ffff-ffff0000006e/location[39m
[35m[HTTP][39m [90m{}[39m
[35m[W3C (defadbfc)][39m Driver proxy active, passing request on via HTTP proxy
[35m[WD Proxy][39m Replacing sessionId c3487834-317c-42ff-a627-22467ff7283d with defadbfc-1bd9-428a-b504-94adf45ffefb
[35m[HTTP][39m [37m<-- GET /wd/hub/session/defadbfc-1bd9-428a-b504-94adf45ffefb/element/00000000-0000-01d5-ffff-ffff0000006e/location [39m[32m200[39m [90m48 ms - 77[39m
[35m[HTTP][39m [90m[39m
[35m[HTTP][39m [37m-->[39m [37mPOST[39m [37m/wd/hub/session/defadbfc-1bd9-428a-b504-94adf45ffefb/timeouts[39m
[35m[HTTP][39m [90m{"implicit":30000}[39m
[35m[HTTP][39m [37m<-- POST /wd/hub/session/defadbfc-1bd9-428a-b504-94adf45ffefb/timeouts [39m[32m200[39m [90m3 ms - 14[39m
[35m[HTTP][39m [90m[39m
[35m[HTTP][39m [37m-->[39m [37mPOST[39m [37m/wd/hub/session/defadbfc-1bd9-428a-b504-94adf45ffefb/timeouts[39m
[35m[HTTP][39m [90m{"implicit":50}[39m
[35m[HTTP][39m [37m<-- POST /wd/hub/session/defadbfc-1bd9-428a-b504-94adf45ffefb/timeouts [39m[32m200[39m [90m3 ms - 14[39m
[35m[HTTP][39m [90m[39m
[35m[HTTP][39m [37m-->[39m [37mGET[39m [37m/wd/hub/session/defadbfc-1bd9-428a-b504-94adf45ffefb/window/rect[39m
[35m[HTTP][39m [90m{}[39m
[35m[HTTP][39m [37m<-- GET /wd/hub/session/defadbfc-1bd9-428a-b504-94adf45ffefb/window/rect [39m[32m200[39m [90m33 ms - 49[39m
[35m[HTTP][39m [90m[39m
[35m[HTTP][39m [37m-->[39m [37mPOST[39m [37m/wd/hub/session/defadbfc-1bd9-428a-b504-94adf45ffefb/elements[39m
[35m[HTTP][39m [90m{"using":"xpath","value":"//*[@class = 'android.widget.TextView' and (@text = 'Products' or . = 'Products')]"}[39m
[35m[HTTP][39m [37m<-- POST /wd/hub/session/defadbfc-1bd9-428a-b504-94adf45ffefb/elements [39m[32m200[39m [90m1399 ms - 139[39m
[35m[HTTP][39m [90m[39m
[35m[HTTP][39m [37m-->[39m [37mGET[39m [37m/wd/hub/session/defadbfc-1bd9-428a-b504-94adf45ffefb/element/00000000-0000-01d5-ffff-ffff0000006e/location[39m
[35m[HTTP][39m [90m{}[39m
[35m[W3C (defadbfc)][39m Driver proxy active, passing request on via HTTP proxy
[35m[WD Proxy][39m Replacing sessionId c3487834-317c-42ff-a627-22467ff7283d with defadbfc-1bd9-428a-b504-94adf45ffefb
[35m[HTTP][39m [37m<-- GET /wd/hub/session/defadbfc-1bd9-428a-b504-94adf45ffefb/element/00000000-0000-01d5-ffff-ffff0000006e/location [39m[32m200[39m [90m48 ms - 77[39m
[35m[HTTP][39m [90m[39m
[35m[HTTP][39m [37m-->[39m [37mPOST[39m [37m/wd/hub/session/defadbfc-1bd9-428a-b504-94adf45ffefb/timeouts[39m
[35m[HTTP][39m [90m{"implicit":30000}[39m
[35m[HTTP][39m [37m<-- POST /wd/hub/session/defadbfc-1bd9-428a-b504-94adf45ffefb/timeouts [39m[32m200[39m [90m3 ms - 14[39m
[35m[HTTP][39m [90m[39m
[35m[HTTP][39m [37m-->[39m [37mPOST[39m [37m/wd/hub/session/defadbfc-1bd9-428a-b504-94adf45ffefb/timeouts[39m
[35m[HTTP][39m [90m{"implicit":50}[39m
[35m[HTTP][39m [37m<-- POST /wd/hub/session/defadbfc-1bd9-428a-b504-94adf45ffefb/timeouts [39m[32m200[39m [90m4 ms - 14[39m
[35m[HTTP][39m [90m[39m
[35m[HTTP][39m [37m-->[39m [37mGET[39m [37m/wd/hub/session/defadbfc-1bd9-428a-b504-94adf45ffefb/window/rect[39m
[35m[HTTP][39m [90m{}[39m
[35m[HTTP][39m [37m<-- GET /wd/hub/session/defadbfc-1bd9-428a-b504-94adf45ffefb/window/rect [39m[32m200[39m [90m41 ms - 49[39m
[35m[HTTP][39m [90m[39m
[35m[HTTP][39m [37m-->[39m [37mPOST[39m [37m/wd/hub/session/defadbfc-1bd9-428a-b504-94adf45ffefb/elements[39m
[35m[HTTP][39m [90m{"using":"xpath","value":"//hierarchy/android.widget.FrameLayout[1]/android.widget.LinearLayout[1]/android.widget.FrameLayout[1]/android.widget.LinearLayout[1]/android.widget.FrameLayout[1]/android.widget.FrameLayout[1]/android.view.ViewGroup[1]/android.view.ViewGroup[1]/android.view.ViewGroup[1]/android.view.ViewGroup[1]/android.view.ViewGroup[1]/android.view.ViewGroup[1]/android.widget.FrameLayout[1]/android.view.ViewGroup[1]/android.view.ViewGroup[1]/android.view.ViewGroup[1]/android.view.ViewGroup[1]/android.view.ViewGroup[1]/android.widget.FrameLayout[1]/android.view.ViewGroup[1]/android.view.ViewGroup[1]/android.view.ViewGroup[1]/android.view.ViewGroup[1]/android.view.ViewGroup[1]/android.view.ViewGroup[1]/android.view.ViewGroup[1]/android.view.ViewGroup[1]/android.view.ViewGroup[1]/android.widget.ImageView[1]"}[39m
[35m[HTTP][39m [37m<-- POST /wd/hub/session/defadbfc-1bd9-428a-b504-94adf45ffefb/elements [39m[32m200[39m [90m679 ms - 139[39m
[35m[HTTP][39m [90m[39m
[35m[HTTP][39m [37m-->[39m [37mGET[39m [37m/wd/hub/session/defadbfc-1bd9-428a-b504-94adf45ffefb/element/00000000-0000-01d5-ffff-ffff00000046/location[39m
[35m[HTTP][39m [90m{}[39m
[35m[W3C (defadbfc)][39m Driver proxy active, passing request on via HTTP proxy
[35m[WD Proxy][39m Replacing sessionId c3487834-317c-42ff-a627-22467ff7283d with defadbfc-1bd9-428a-b504-94adf45ffefb
[35m[HTTP][39m [37m<-- GET /wd/hub/session/defadbfc-1bd9-428a-b504-94adf45ffefb/element/00000000-0000-01d5-ffff-ffff00000046/location [39m[32m200[39m [90m42 ms - 76[39m
[35m[HTTP][39m [90m[39m
[35m[HTTP][39m [37m-->[39m [37mPOST[39m [37m/wd/hub/session/defadbfc-1bd9-428a-b504-94adf45ffefb/timeouts[39m
[35m[HTTP][39m [90m{"implicit":30000}[39m
[35m[HTTP][39m [37m<-- POST /wd/hub/session/defadbfc-1bd9-428a-b504-94adf45ffefb/timeouts [39m[32m200[39m [90m3 ms - 14[39m
[35m[HTTP][39m [90m[39m
[35m[HTTP][39m [37m-->[39m [37mPOST[39m [37m/wd/hub/session/defadbfc-1bd9-428a-b504-94adf45ffefb/element/00000000-0000-01d5-ffff-ffff00000046/click[39m
[35m[HTTP][39m [90m{"id":"00000000-0000-01d5-ffff-ffff00000046"}[39m
[35m[HTTP][39m [37m<-- POST /wd/hub/session/defadbfc-1bd9-428a-b504-94adf45ffefb/element/00000000-0000-01d5-ffff-ffff00000046/click [39m[32m200[39m [90m82 ms - 14[39m
[35m[HTTP][39m [90m[39m
[35m[HTTP][39m [37m-->[39m [37mPOST[39m [37m/wd/hub/session/defadbfc-1bd9-428a-b504-94adf45ffefb/timeouts[39m
[35m[HTTP][39m [90m{"implicit":50}[39m
[35m[HTTP][39m [37m<-- POST /wd/hub/session/defadbfc-1bd9-428a-b504-94adf45ffefb/timeouts [39m[32m200[39m [90m3 ms - 14[39m
[35m[HTTP][39m [90m[39m
[35m[HTTP][39m [37m-->[39m [37mGET[39m [37m/wd/hub/session/defadbfc-1bd9-428a-b504-94adf45ffefb/window/rect[39m
[35m[HTTP][39m [90m{}[39m
[35m[HTTP][39m [37m<-- GET /wd/hub/session/defadbfc-1bd9-428a-b504-94adf45ffefb/window/rect [39m[32m200[39m [90m30 ms - 49[39m
[35m[HTTP][39m [90m[39m
[35m[HTTP][39m [37m-->[39m [37mPOST[39m [37m/wd/hub/session/defadbfc-1bd9-428a-b504-94adf45ffefb/elements[39m
[35m[HTTP][39m [90m{"using":"xpath","value":"//hierarchy/android.widget.FrameLayout[1]/android.widget.LinearLayout[1]/android.widget.FrameLayout[1]/android.widget.LinearLayout[1]/android.widget.FrameLayout[1]/android.widget.FrameLayout[1]/android.view.ViewGroup[1]/android.view.ViewGroup[1]/android.view.ViewGroup[1]/android.view.ViewGroup[1]/android.widget.ScrollView[1]/android.view.ViewGroup[1]/android.view.ViewGroup[3]/android.widget.TextView[1]"}[39m
[35m[HTTP][39m [37m<-- POST /wd/hub/session/defadbfc-1bd9-428a-b504-94adf45ffefb/elements [39m[32m200[39m [90m918 ms - 139[39m
[35m[HTTP][39m [90m[39m
[35m[HTTP][39m [37m-->[39m [37mGET[39m [37m/wd/hub/session/defadbfc-1bd9-428a-b504-94adf45ffefb/element/00000000-0000-01d5-ffff-ffff00000025/location[39m
[35m[HTTP][39m [90m{}[39m
[35m[W3C (defadbfc)][39m Driver proxy active, passing request on via HTTP proxy
[35m[WD Proxy][39m Replacing sessionId c3487834-317c-42ff-a627-22467ff7283d with defadbfc-1bd9-428a-b504-94adf45ffefb
[35m[HTTP][39m [37m<-- GET /wd/hub/session/defadbfc-1bd9-428a-b504-94adf45ffefb/element/00000000-0000-01d5-ffff-ffff00000025/location [39m[32m200[39m [90m562 ms - 76[39m
[35m[HTTP][39m [90m[39m
[35m[HTTP][39m [37m-->[39m [37mPOST[39m [37m/wd/hub/session/defadbfc-1bd9-428a-b504-94adf45ffefb/timeouts[39m
[35m[HTTP][39m [90m{"implicit":30000}[39m
[35m[HTTP][39m [37m<-- POST /wd/hub/session/defadbfc-1bd9-428a-b504-94adf45ffefb/timeouts [39m[32m200[39m [90m3 ms - 14[39m
[35m[HTTP][39m [90m[39m
[35m[HTTP][39m [37m-->[39m [37mPOST[39m [37m/wd/hub/session/defadbfc-1bd9-428a-b504-94adf45ffefb/timeouts[39m
[35m[HTTP][39m [90m{"implicit":50}[39m
[35m[HTTP][39m [37m<-- POST /wd/hub/session/defadbfc-1bd9-428a-b504-94adf45ffefb/timeouts [39m[32m200[39m [90m3 ms - 14[39m
[35m[HTTP][39m [90m[39m
[35m[HTTP][39m [37m-->[39m [37mGET[39m [37m/wd/hub/session/defadbfc-1bd9-428a-b504-94adf45ffefb/window/rect[39m
[35m[HTTP][39m [90m{}[39m
[35m[HTTP][39m [37m<-- GET /wd/hub/session/defadbfc-1bd9-428a-b504-94adf45ffefb/window/rect [39m[32m200[39m [90m28 ms - 49[39m
[35m[HTTP][39m [90m[39m
[35m[HTTP][39m [37m-->[39m [37mPOST[39m [37m/wd/hub/session/defadbfc-1bd9-428a-b504-94adf45ffefb/elements[39m
[35m[HTTP][39m [90m{"using":"xpath","value":"//hierarchy/android.widget.FrameLayout[1]/android.widget.LinearLayout[1]/android.widget.FrameLayout[1]/android.widget.LinearLayout[1]/android.widget.FrameLayout[1]/android.widget.FrameLayout[1]/android.view.ViewGroup[1]/android.view.ViewGroup[1]/android.view.ViewGroup[1]/android.view.ViewGroup[1]/android.widget.ScrollView[1]/android.view.ViewGroup[1]/android.view.ViewGroup[3]/android.widget.TextView[1]"}[39m
[35m[HTTP][39m [37m<-- POST /wd/hub/session/defadbfc-1bd9-428a-b504-94adf45ffefb/elements [39m[32m200[39m [90m488 ms - 139[39m
[35m[HTTP][39m [90m[39m
[35m[HTTP][39m [37m-->[39m [37mGET[39m [37m/wd/hub/session/defadbfc-1bd9-428a-b504-94adf45ffefb/element/00000000-0000-01d5-ffff-ffff00000025/location[39m
[35m[HTTP][39m [90m{}[39m
[35m[W3C (defadbfc)][39m Driver proxy active, passing request on via HTTP proxy
[35m[WD Proxy][39m Replacing sessionId c3487834-317c-42ff-a627-22467ff7283d with defadbfc-1bd9-428a-b504-94adf45ffefb
[35m[HTTP][39m [37m<-- GET /wd/hub/session/defadbfc-1bd9-428a-b504-94adf45ffefb/element/00000000-0000-01d5-ffff-ffff00000025/location [39m[32m200[39m [90m44 ms - 76[39m
[35m[HTTP][39m [90m[39m
[35m[HTTP][39m [37m-->[39m [37mPOST[39m [37m/wd/hub/session/defadbfc-1bd9-428a-b504-94adf45ffefb/timeouts[39m
[35m[HTTP][39m [90m{"implicit":30000}[39m
[35m[HTTP][39m [37m<-- POST /wd/hub/session/defadbfc-1bd9-428a-b504-94adf45ffefb/timeouts [39m[32m200[39m [90m2 ms - 14[39m
[35m[HTTP][39m [90m[39m
[35m[HTTP][39m [37m-->[39m [37mPOST[39m [37m/wd/hub/session/defadbfc-1bd9-428a-b504-94adf45ffefb/element/00000000-0000-01d5-ffff-ffff00000025/click[39m
[35m[HTTP][39m [90m{"id":"00000000-0000-01d5-ffff-ffff00000025"}[39m
[35m[HTTP][39m [37m<-- POST /wd/hub/session/defadbfc-1bd9-428a-b504-94adf45ffefb/element/00000000-0000-01d5-ffff-ffff00000025/click [39m[32m200[39m [90m76 ms - 14[39m
[35m[HTTP][39m [90m[39m
[35m[HTTP][39m [37m-->[39m [37mPOST[39m [37m/wd/hub/session/defadbfc-1bd9-428a-b504-94adf45ffefb/timeouts[39m
[35m[HTTP][39m [90m{"implicit":50}[39m
[35m[HTTP][39m [37m<-- POST /wd/hub/session/defadbfc-1bd9-428a-b504-94adf45ffefb/timeouts [39m[32m200[39m [90m2 ms - 14[39m
[35m[HTTP][39m [90m[39m
[35m[HTTP][39m [37m-->[39m [37mGET[39m [37m/wd/hub/session/defadbfc-1bd9-428a-b504-94adf45ffefb/window/rect[39m
[35m[HTTP][39m [90m{}[39m
[35m[HTTP][39m [37m<-- GET /wd/hub/session/defadbfc-1bd9-428a-b504-94adf45ffefb/window/rect [39m[32m200[39m [90m34 ms - 49[39m
[35m[HTTP][39m [90m[39m
[35m[HTTP][39m [37m-->[39m [37mPOST[39m [37m/wd/hub/session/defadbfc-1bd9-428a-b504-94adf45ffefb/elements[39m
[35m[HTTP][39m [90m{"using":"xpath","value":"//*[@class = 'android.widget.TextView' and (@text = 'QR Code Scanner' or . = 'QR Code Scanner')]"}[39m
[35m[HTTP][39m [37m<-- POST /wd/hub/session/defadbfc-1bd9-428a-b504-94adf45ffefb/elements [39m[32m200[39m [90m1782 ms - 139[39m
[35m[HTTP][39m [90m[39m
[35m[HTTP][39m [37m-->[39m [37mGET[39m [37m/wd/hub/session/defadbfc-1bd9-428a-b504-94adf45ffefb/element/00000000-0000-01d5-ffff-ffff00000025/location[39m
[35m[HTTP][39m [90m{}[39m
[35m[W3C (defadbfc)][39m Driver proxy active, passing request on via HTTP proxy
[35m[WD Proxy][39m Replacing sessionId c3487834-317c-42ff-a627-22467ff7283d with defadbfc-1bd9-428a-b504-94adf45ffefb
[35m[HTTP][39m [37m<-- GET /wd/hub/session/defadbfc-1bd9-428a-b504-94adf45ffefb/element/00000000-0000-01d5-ffff-ffff00000025/location [39m[32m200[39m [90m812 ms - 76[39m
[35m[HTTP][39m [90m[39m
[35m[HTTP][39m [37m-->[39m [37mPOST[39m [37m/wd/hub/session/defadbfc-1bd9-428a-b504-94adf45ffefb/timeouts[39m
[35m[HTTP][39m [90m{"implicit":30000}[39m
[35m[HTTP][39m [37m<-- POST /wd/hub/session/defadbfc-1bd9-428a-b504-94adf45ffefb/timeouts [39m[32m200[39m [90m2 ms - 14[39m
[35m[HTTP][39m [90m[39m
[35m[HTTP][39m [37m-->[39m [37mPOST[39m [37m/wd/hub/session/defadbfc-1bd9-428a-b504-94adf45ffefb/timeouts[39m
[35m[HTTP][39m [90m{"implicit":50}[39m
[35m[HTTP][39m [37m<-- POST /wd/hub/session/defadbfc-1bd9-428a-b504-94adf45ffefb/timeouts [39m[32m200[39m [90m2 ms - 14[39m
[35m[HTTP][39m [90m[39m
[35m[HTTP][39m [37m-->[39m [37mGET[39m [37m/wd/hub/session/defadbfc-1bd9-428a-b504-94adf45ffefb/window/rect[39m
[35m[HTTP][39m [90m{}[39m
[35m[HTTP][39m [37m<-- GET /wd/hub/session/defadbfc-1bd9-428a-b504-94adf45ffefb/window/rect [39m[32m200[39m [90m39 ms - 49[39m
[35m[HTTP][39m [90m[39m
[35m[HTTP][39m [37m-->[39m [37mPOST[39m [37m/wd/hub/session/defadbfc-1bd9-428a-b504-94adf45ffefb/elements[39m
[35m[HTTP][39m [90m{"using":"xpath","value":"//*[@class = 'android.widget.TextView' and (@text = 'QR Code Scanner' or . = 'QR Code Scanner')]"}[39m
[35m[HTTP][39m [37m<-- POST /wd/hub/session/defadbfc-1bd9-428a-b504-94adf45ffefb/elements [39m[32m200[39m [90m530 ms - 139[39m
[35m[HTTP][39m [90m[39m
[35m[HTTP][39m [37m-->[39m [37mGET[39m [37m/wd/hub/session/defadbfc-1bd9-428a-b504-94adf45ffefb/element/00000000-0000-01d5-ffff-ffff0000008b/location[39m
[35m[HTTP][39m [90m{}[39m
[35m[W3C (defadbfc)][39m Driver proxy active, passing request on via HTTP proxy
[35m[WD Proxy][39m Replacing sessionId c3487834-317c-42ff-a627-22467ff7283d with defadbfc-1bd9-428a-b504-94adf45ffefb
[35m[HTTP][39m [37m<-- GET /wd/hub/session/defadbfc-1bd9-428a-b504-94adf45ffefb/element/00000000-0000-01d5-ffff-ffff0000008b/location [39m[32m200[39m [90m48 ms - 77[39m
[35m[HTTP][39m [90m[39m
[35m[HTTP][39m [37m-->[39m [37mPOST[39m [37m/wd/hub/session/defadbfc-1bd9-428a-b504-94adf45ffefb/timeouts[39m
[35m[HTTP][39m [90m{"implicit":30000}[39m
[35m[HTTP][39m [37m<-- POST /wd/hub/session/defadbfc-1bd9-428a-b504-94adf45ffefb/timeouts [39m[32m200[39m [90m2 ms - 14[39m
[35m[HTTP][39m [90m[39m
[35m[HTTP][39m [37m-->[39m [37mGET[39m [37m/wd/hub/session/defadbfc-1bd9-428a-b504-94adf45ffefb/element/00000000-0000-01d5-ffff-ffff0000008b/displayed[39m
[35m[HTTP][39m [90m{}[39m
[35m[HTTP][39m [37m<-- GET /wd/hub/session/defadbfc-1bd9-428a-b504-94adf45ffefb/element/00000000-0000-01d5-ffff-ffff0000008b/displayed [39m[32m200[39m [90m32 ms - 14[39m
[35m[HTTP][39m [90m[39m
[35m[HTTP][39m [37m-->[39m [37mPOST[39m [37m/wd/hub/session/defadbfc-1bd9-428a-b504-94adf45ffefb/appium/device/terminate_app[39m
[35m[HTTP][39m [90m{"bundleId":"com.saucelabs.mydemoapp.rn"}[39m
[35m[AndroidDriver][39m Terminating 'com.saucelabs.mydemoapp.rn'
[35m[AndroidDriver][39m Querying the state of 'com.saucelabs.mydemoapp.rn'
[35m[AndroidDriver][39m 'com.saucelabs.mydemoapp.rn' has been successfully terminated
[35m[HTTP][39m [37m<-- POST /wd/hub/session/defadbfc-1bd9-428a-b504-94adf45ffefb/appium/device/terminate_app [39m[32m200[39m [90m1356 ms - 14[39m
[35m[HTTP][39m [90m[39m
[35m[HTTP][39m [37m-->[39m [37mGET[39m [37m/wd/hub/status[39m
[35m[HTTP][39m [90m{}[39m
[35m[HTTP][39m [37m<-- GET /wd/hub/status [39m[32m200[39m [90m2 ms - 68[39m
[35m[HTTP][39m [90m[39m
[35m[HTTP][39m [37m-->[39m [37mPOST[39m [37m/wd/hub/session[39m
[35m[HTTP][39m [90m{"desiredCapabilities":{"appActivity":".Settings","appPackage":"com.android.settings","newCommandTimeout":1800,"platformVersion":"8.0.0","automationName":"uiautomator2","autoGrantPermissions":true,"platformName":"Android","udid":"42008534d6e7b395","deviceName":"samsung SM-G570Y (Android 8.0.0)","platform":"ANDROID","systemPort":8229},"capabilities":{"firstMatch":[{"appium:appActivity":".Settings","appium:appPackage":"com.android.settings","appium:autoGrantPermissions":true,"appium:automationName":"uiautomator2","appium:deviceName":"samsung SM-G570Y (Android 8.0.0)","appium:newCommandTimeout":1800,"platform":"ANDROID","platformName":"android","appium:platformVersion":"8.0.0","appium:systemPort":8229,"appium:udid":"42008534d6e7b395"}]}}[39m
[35m[BaseDriver][39m The following capabilities are not standard capabilities and should have an extension prefix:
[35m[BaseDriver][39m   platform
[35m[BaseDriver][39m   chromedriverPort
[35m[Appium][39m Appium v1.22.3 creating new AndroidUiautomator2Driver (v1.70.1) session
[35m[BaseDriver][39m The following capabilities were provided, but are not recognized by Appium:
[35m[BaseDriver][39m   platform
[35m[BaseDriver][39m Session created with session id: 2b37327f-d001-4c05-a41a-389ddafc7f72
[35m[UiAutomator2][39m Starting 'com.android.settings' directly on the device
[35m[ADB][39m Using 'adb' from '/home/aldimhr/.katalon/tools/android_sdk/platform-tools/adb'
[35m[AndroidDriver][39m Retrieving device list
[35m[AndroidDriver][39m Using device: 42008534d6e7b395
[35m[ADB][39m Using 'adb' from '/home/aldimhr/.katalon/tools/android_sdk/platform-tools/adb'
[35m[AndroidDriver][39m No app sent in, not parsing package/activity
[35m[UiAutomator2][39m Server packages are not going to be (re)installed
[35m[ADB][39m Adding packages ["io.appium.settings","io.appium.uiautomator2.server","io.appium.uiautomator2.server.test"] to Doze whitelist
[35m[UiAutomator2][39m Starting UIAutomator2 server 4.27.0
[35m[UiAutomator2][39m Using UIAutomator2 server from '/home/aldimhr/.nvm/versions/node/v16.17.0/lib/node_modules/appium/node_modules/appium-uiautomator2-server/apks/appium-uiautomator2-server-v4.27.0.apk' and test from '/home/aldimhr/.nvm/versions/node/v16.17.0/lib/node_modules/appium/node_modules/appium-uiautomator2-server/apks/appium-uiautomator2-server-debug-androidTest.apk'
[35m[UiAutomator2][39m Waiting up to 30000ms for UiAutomator2 to be online...
[35m[WD Proxy][39m socket hang up
[35m[WD Proxy][39m socket hang up
[35m[WD Proxy][39m socket hang up
[35m[WD Proxy][39m socket hang up
[35m[WD Proxy][39m socket hang up
[35m[WD Proxy][39m Determined the downstream protocol as 'W3C'
[35m[AndroidDriver][39m Screen already unlocked, doing nothing
[35m[UiAutomator2][39m Starting 'com.android.settings/.Settings and waiting for 'com.android.settings/.Settings'
[35m[Appium][39m New AndroidUiautomator2Driver session created successfully, session 2b37327f-d001-4c05-a41a-389ddafc7f72 added to master session list
[35m[HTTP][39m [37m<-- POST /wd/hub/session [39m[32m200[39m [90m21694 ms - 1181[39m
[35m[HTTP][39m [90m[39m
[35m[HTTP][39m [37m-->[39m [37mGET[39m [37m/wd/hub/session/2b37327f-d001-4c05-a41a-389ddafc7f72[39m
[35m[HTTP][39m [90m{}[39m
[35m[HTTP][39m [37m<-- GET /wd/hub/session/2b37327f-d001-4c05-a41a-389ddafc7f72 [39m[32m200[39m [90m38 ms - 1135[39m
[35m[HTTP][39m [90m[39m
[35m[HTTP][39m [37m-->[39m [37mGET[39m [37m/wd/hub/session/2b37327f-d001-4c05-a41a-389ddafc7f72[39m
[35m[HTTP][39m [90m{}[39m
[35m[HTTP][39m [37m<-- GET /wd/hub/session/2b37327f-d001-4c05-a41a-389ddafc7f72 [39m[32m200[39m [90m41 ms - 1135[39m
[35m[HTTP][39m [90m[39m
[35m[HTTP][39m [37m-->[39m [37mGET[39m [37m/wd/hub/status[39m
[35m[HTTP][39m [90m{}[39m
[35m[HTTP][39m [37m<-- GET /wd/hub/status [39m[32m200[39m [90m2 ms - 68[39m
[35m[HTTP][39m [90m[39m
[35m[HTTP][39m [37m-->[39m [37mPOST[39m [37m/wd/hub/session/2b37327f-d001-4c05-a41a-389ddafc7f72/timeouts[39m
[35m[HTTP][39m [90m{"implicit":30000}[39m
[35m[HTTP][39m [37m<-- POST /wd/hub/session/2b37327f-d001-4c05-a41a-389ddafc7f72/timeouts [39m[32m200[39m [90m3 ms - 14[39m
[35m[HTTP][39m [90m[39m
[35m[HTTP][39m [37m-->[39m [37mGET[39m [37m/wd/hub/session/2b37327f-d001-4c05-a41a-389ddafc7f72/screenshot[39m
[35m[HTTP][39m [90m{}[39m
[35m[HTTP][39m [37m<-- GET /wd/hub/session/2b37327f-d001-4c05-a41a-389ddafc7f72/screenshot [39m[32m200[39m [90m611 ms - 150314[39m
[35m[HTTP][39m [90m[39m
[35m[HTTP][39m [37m-->[39m [37mGET[39m [37m/wd/hub/session/2b37327f-d001-4c05-a41a-389ddafc7f72/window/rect[39m
[35m[HTTP][39m [90m{}[39m
[35m[HTTP][39m [37m<-- GET /wd/hub/session/2b37327f-d001-4c05-a41a-389ddafc7f72/window/rect [39m[32m200[39m [90m31 ms - 49[39m
[35m[HTTP][39m [90m[39m
[35m[HTTP][39m [37m-->[39m [37mGET[39m [37m/wd/hub/session/2b37327f-d001-4c05-a41a-389ddafc7f72/appium/device/system_bars[39m
[35m[HTTP][39m [90m{}[39m
[35m[HTTP][39m [37m<-- GET /wd/hub/session/2b37327f-d001-4c05-a41a-389ddafc7f72/appium/device/system_bars [39m[31m500[39m [90m81 ms - 645[39m
[35m[HTTP][39m [90m[39m
[35m[HTTP][39m [37m-->[39m [37mPOST[39m [37m/wd/hub/session/2b37327f-d001-4c05-a41a-389ddafc7f72/execute/sync[39m
[35m[HTTP][39m [90m{"script":"mobile:viewportRect","args":[]}[39m
[35m[AndroidDriver][39m Executing native command 'mobile:viewportRect'
[35m[HTTP][39m [37m<-- POST /wd/hub/session/2b37327f-d001-4c05-a41a-389ddafc7f72/execute/sync [39m[32m200[39m [90m37 ms - 55[39m
[35m[HTTP][39m [90m[39m
[35m[HTTP][39m [37m-->[39m [37mPOST[39m [37m/wd/hub/session/2b37327f-d001-4c05-a41a-389ddafc7f72/appium/device/activate_app[39m
[35m[HTTP][39m [90m{"bundleId":"com.saucelabs.mydemoapp.rn"}[39m
[35m[HTTP][39m [37m<-- POST /wd/hub/session/2b37327f-d001-4c05-a41a-389ddafc7f72/appium/device/activate_app [39m[32m200[39m [90m1204 ms - 14[39m
[35m[HTTP][39m [90m[39m
[35m[HTTP][39m [37m-->[39m [37mPOST[39m [37m/wd/hub/session/2b37327f-d001-4c05-a41a-389ddafc7f72/timeouts[39m
[35m[HTTP][39m [90m{"implicit":50}[39m
[35m[HTTP][39m [37m<-- POST /wd/hub/session/2b37327f-d001-4c05-a41a-389ddafc7f72/timeouts [39m[32m200[39m [90m5 ms - 14[39m
[35m[HTTP][39m [90m[39m
[35m[HTTP][39m [37m-->[39m [37mGET[39m [37m/wd/hub/session/2b37327f-d001-4c05-a41a-389ddafc7f72/window/rect[39m
[35m[HTTP][39m [90m{}[39m
[35m[HTTP][39m [37m<-- GET /wd/hub/session/2b37327f-d001-4c05-a41a-389ddafc7f72/window/rect [39m[32m200[39m [90m69 ms - 49[39m
[35m[HTTP][39m [90m[39m
[35m[HTTP][39m [37m-->[39m [37mPOST[39m [37m/wd/hub/session/2b37327f-d001-4c05-a41a-389ddafc7f72/elements[39m
[35m[HTTP][39m [90m{"using":"xpath","value":"//*[@class = 'android.widget.TextView' and (@text = 'Products' or . = 'Products')]"}[39m
[35m[HTTP][39m [37m<-- POST /wd/hub/session/2b37327f-d001-4c05-a41a-389ddafc7f72/elements [39m[32m200[39m [90m2188 ms - 12[39m
[35m[HTTP][39m [90m[39m
[35m[HTTP][39m [37m-->[39m [37mPOST[39m [37m/wd/hub/session/2b37327f-d001-4c05-a41a-389ddafc7f72/elements[39m
[35m[HTTP][39m [90m{"using":"xpath","value":"//*[@class = 'android.widget.TextView' and (@text = 'Products' or . = 'Products')]"}[39m
[35m[HTTP][39m [37m<-- POST /wd/hub/session/2b37327f-d001-4c05-a41a-389ddafc7f72/elements [39m[32m200[39m [90m338 ms - 12[39m
[35m[HTTP][39m [90m[39m
[35m[HTTP][39m [37m-->[39m [37mPOST[39m [37m/wd/hub/session/2b37327f-d001-4c05-a41a-389ddafc7f72/elements[39m
[35m[HTTP][39m [90m{"using":"xpath","value":"//*[@class = 'android.widget.TextView' and (@text = 'Products' or . = 'Products')]"}[39m
[35m[HTTP][39m [37m<-- POST /wd/hub/session/2b37327f-d001-4c05-a41a-389ddafc7f72/elements [39m[32m200[39m [90m307 ms - 12[39m
[35m[HTTP][39m [90m[39m
[35m[HTTP][39m [37m-->[39m [37mPOST[39m [37m/wd/hub/session/2b37327f-d001-4c05-a41a-389ddafc7f72/elements[39m
[35m[HTTP][39m [90m{"using":"xpath","value":"//*[@class = 'android.widget.TextView' and (@text = 'Products' or . = 'Products')]"}[39m
[35m[HTTP][39m [37m<-- POST /wd/hub/session/2b37327f-d001-4c05-a41a-389ddafc7f72/elements [39m[32m200[39m [90m1804 ms - 139[39m
[35m[HTTP][39m [90m[39m
[35m[HTTP][39m [37m-->[39m [37mGET[39m [37m/wd/hub/session/2b37327f-d001-4c05-a41a-389ddafc7f72/element/00000000-0000-01ea-ffff-ffff00000047/location[39m
[35m[HTTP][39m [90m{}[39m
[35m[W3C (2b37327f)][39m Driver proxy active, passing request on via HTTP proxy
[35m[WD Proxy][39m Replacing sessionId d5d40d15-df52-4bd7-bd8a-8dddef7861e8 with 2b37327f-d001-4c05-a41a-389ddafc7f72
[35m[HTTP][39m [37m<-- GET /wd/hub/session/2b37327f-d001-4c05-a41a-389ddafc7f72/element/00000000-0000-01ea-ffff-ffff00000047/location [39m[32m200[39m [90m95 ms - 77[39m
[35m[HTTP][39m [90m[39m
[35m[HTTP][39m [37m-->[39m [37mPOST[39m [37m/wd/hub/session/2b37327f-d001-4c05-a41a-389ddafc7f72/timeouts[39m
[35m[HTTP][39m [90m{"implicit":30000}[39m
[35m[HTTP][39m [37m<-- POST /wd/hub/session/2b37327f-d001-4c05-a41a-389ddafc7f72/timeouts [39m[32m200[39m [90m2 ms - 14[39m
[35m[HTTP][39m [90m[39m
[35m[HTTP][39m [37m-->[39m [37mPOST[39m [37m/wd/hub/session/2b37327f-d001-4c05-a41a-389ddafc7f72/timeouts[39m
[35m[HTTP][39m [90m{"implicit":50}[39m
[35m[HTTP][39m [37m<-- POST /wd/hub/session/2b37327f-d001-4c05-a41a-389ddafc7f72/timeouts [39m[32m200[39m [90m3 ms - 14[39m
[35m[HTTP][39m [90m[39m
[35m[HTTP][39m [37m-->[39m [37mGET[39m [37m/wd/hub/session/2b37327f-d001-4c05-a41a-389ddafc7f72/window/rect[39m
[35m[HTTP][39m [90m{}[39m
[35m[HTTP][39m [37m<-- GET /wd/hub/session/2b37327f-d001-4c05-a41a-389ddafc7f72/window/rect [39m[32m200[39m [90m53 ms - 49[39m
[35m[HTTP][39m [90m[39m
[35m[HTTP][39m [37m-->[39m [37mPOST[39m [37m/wd/hub/session/2b37327f-d001-4c05-a41a-389ddafc7f72/elements[39m
[35m[HTTP][39m [90m{"using":"xpath","value":"//*[@class = 'android.widget.TextView' and (@text = 'Products' or . = 'Products')]"}[39m
[35m[HTTP][39m [37m<-- POST /wd/hub/session/2b37327f-d001-4c05-a41a-389ddafc7f72/elements [39m[32m200[39m [90m967 ms - 139[39m
[35m[HTTP][39m [90m[39m
[35m[HTTP][39m [37m-->[39m [37mGET[39m [37m/wd/hub/session/2b37327f-d001-4c05-a41a-389ddafc7f72/element/00000000-0000-01ea-ffff-ffff00000047/location[39m
[35m[HTTP][39m [90m{}[39m
[35m[W3C (2b37327f)][39m Driver proxy active, passing request on via HTTP proxy
[35m[WD Proxy][39m Replacing sessionId d5d40d15-df52-4bd7-bd8a-8dddef7861e8 with 2b37327f-d001-4c05-a41a-389ddafc7f72
[35m[HTTP][39m [37m<-- GET /wd/hub/session/2b37327f-d001-4c05-a41a-389ddafc7f72/element/00000000-0000-01ea-ffff-ffff00000047/location [39m[32m200[39m [90m44 ms - 77[39m
[35m[HTTP][39m [90m[39m
[35m[HTTP][39m [37m-->[39m [37mPOST[39m [37m/wd/hub/session/2b37327f-d001-4c05-a41a-389ddafc7f72/timeouts[39m
[35m[HTTP][39m [90m{"implicit":30000}[39m
[35m[HTTP][39m [37m<-- POST /wd/hub/session/2b37327f-d001-4c05-a41a-389ddafc7f72/timeouts [39m[32m200[39m [90m2 ms - 14[39m
[35m[HTTP][39m [90m[39m
[35m[HTTP][39m [37m-->[39m [37mPOST[39m [37m/wd/hub/session/2b37327f-d001-4c05-a41a-389ddafc7f72/timeouts[39m
[35m[HTTP][39m [90m{"implicit":50}[39m
[35m[HTTP][39m [37m<-- POST /wd/hub/session/2b37327f-d001-4c05-a41a-389ddafc7f72/timeouts [39m[32m200[39m [90m4 ms - 14[39m
[35m[HTTP][39m [90m[39m
[35m[HTTP][39m [37m-->[39m [37mGET[39m [37m/wd/hub/session/2b37327f-d001-4c05-a41a-389ddafc7f72/window/rect[39m
[35m[HTTP][39m [90m{}[39m
[35m[HTTP][39m [37m<-- GET /wd/hub/session/2b37327f-d001-4c05-a41a-389ddafc7f72/window/rect [39m[32m200[39m [90m50 ms - 49[39m
[35m[HTTP][39m [90m[39m
[35m[HTTP][39m [37m-->[39m [37mPOST[39m [37m/wd/hub/session/2b37327f-d001-4c05-a41a-389ddafc7f72/elements[39m
[35m[HTTP][39m [90m{"using":"xpath","value":"//hierarchy/android.widget.FrameLayout[1]/android.widget.LinearLayout[1]/android.widget.FrameLayout[1]/android.widget.LinearLayout[1]/android.widget.FrameLayout[1]/android.widget.FrameLayout[1]/android.view.ViewGroup[1]/android.view.ViewGroup[1]/android.view.ViewGroup[1]/android.view.ViewGroup[1]/android.view.ViewGroup[1]/android.view.ViewGroup[1]/android.widget.FrameLayout[1]/android.view.ViewGroup[1]/android.view.ViewGroup[1]/android.view.ViewGroup[1]/android.view.ViewGroup[1]/android.view.ViewGroup[1]/android.widget.FrameLayout[1]/android.view.ViewGroup[1]/android.view.ViewGroup[1]/android.view.ViewGroup[1]/android.view.ViewGroup[1]/android.view.ViewGroup[1]/android.view.ViewGroup[1]/android.view.ViewGroup[1]/android.view.ViewGroup[1]/android.view.ViewGroup[1]/android.widget.ImageView[1]"}[39m
[35m[HTTP][39m [37m<-- POST /wd/hub/session/2b37327f-d001-4c05-a41a-389ddafc7f72/elements [39m[32m200[39m [90m741 ms - 139[39m
[35m[HTTP][39m [90m[39m
[35m[HTTP][39m [37m-->[39m [37mGET[39m [37m/wd/hub/session/2b37327f-d001-4c05-a41a-389ddafc7f72/element/00000000-0000-01ea-ffff-ffff0000006d/location[39m
[35m[HTTP][39m [90m{}[39m
[35m[W3C (2b37327f)][39m Driver proxy active, passing request on via HTTP proxy
[35m[WD Proxy][39m Replacing sessionId d5d40d15-df52-4bd7-bd8a-8dddef7861e8 with 2b37327f-d001-4c05-a41a-389ddafc7f72
[35m[HTTP][39m [37m<-- GET /wd/hub/session/2b37327f-d001-4c05-a41a-389ddafc7f72/element/00000000-0000-01ea-ffff-ffff0000006d/location [39m[32m200[39m [90m37 ms - 76[39m
[35m[HTTP][39m [90m[39m
[35m[HTTP][39m [37m-->[39m [37mPOST[39m [37m/wd/hub/session/2b37327f-d001-4c05-a41a-389ddafc7f72/timeouts[39m
[35m[HTTP][39m [90m{"implicit":30000}[39m
[35m[HTTP][39m [37m<-- POST /wd/hub/session/2b37327f-d001-4c05-a41a-389ddafc7f72/timeouts [39m[32m200[39m [90m2 ms - 14[39m
[35m[HTTP][39m [90m[39m
[35m[HTTP][39m [37m-->[39m [37mPOST[39m [37m/wd/hub/session/2b37327f-d001-4c05-a41a-389ddafc7f72/element/00000000-0000-01ea-ffff-ffff0000006d/click[39m
[35m[HTTP][39m [90m{"id":"00000000-0000-01ea-ffff-ffff0000006d"}[39m
[35m[HTTP][39m [37m<-- POST /wd/hub/session/2b37327f-d001-4c05-a41a-389ddafc7f72/element/00000000-0000-01ea-ffff-ffff0000006d/click [39m[32m200[39m [90m67 ms - 14[39m
[35m[HTTP][39m [90m[39m
[35m[HTTP][39m [37m-->[39m [37mPOST[39m [37m/wd/hub/session/2b37327f-d001-4c05-a41a-389ddafc7f72/timeouts[39m
[35m[HTTP][39m [90m{"implicit":50}[39m
[35m[HTTP][39m [37m<-- POST /wd/hub/session/2b37327f-d001-4c05-a41a-389ddafc7f72/timeouts [39m[32m200[39m [90m3 ms - 14[39m
[35m[HTTP][39m [90m[39m
[35m[HTTP][39m [37m-->[39m [37mGET[39m [37m/wd/hub/session/2b37327f-d001-4c05-a41a-389ddafc7f72/window/rect[39m
[35m[HTTP][39m [90m{}[39m
[35m[HTTP][39m [37m<-- GET /wd/hub/session/2b37327f-d001-4c05-a41a-389ddafc7f72/window/rect [39m[32m200[39m [90m31 ms - 49[39m
[35m[HTTP][39m [90m[39m
[35m[HTTP][39m [37m-->[39m [37mPOST[39m [37m/wd/hub/session/2b37327f-d001-4c05-a41a-389ddafc7f72/elements[39m
[35m[HTTP][39m [90m{"using":"xpath","value":"//hierarchy/android.widget.FrameLayout[1]/android.widget.LinearLayout[1]/android.widget.FrameLayout[1]/android.widget.LinearLayout[1]/android.widget.FrameLayout[1]/android.widget.FrameLayout[1]/android.view.ViewGroup[1]/android.view.ViewGroup[1]/android.view.ViewGroup[1]/android.view.ViewGroup[1]/android.widget.ScrollView[1]/android.view.ViewGroup[1]/android.view.ViewGroup[4]/android.widget.TextView[1]"}[39m
[35m[HTTP][39m [37m<-- POST /wd/hub/session/2b37327f-d001-4c05-a41a-389ddafc7f72/elements [39m[32m200[39m [90m1972 ms - 139[39m
[35m[HTTP][39m [90m[39m
[35m[HTTP][39m [37m-->[39m [37mGET[39m [37m/wd/hub/session/2b37327f-d001-4c05-a41a-389ddafc7f72/element/00000000-0000-01ea-ffff-ffff00000078/location[39m
[35m[HTTP][39m [90m{}[39m
[35m[W3C (2b37327f)][39m Driver proxy active, passing request on via HTTP proxy
[35m[WD Proxy][39m Replacing sessionId d5d40d15-df52-4bd7-bd8a-8dddef7861e8 with 2b37327f-d001-4c05-a41a-389ddafc7f72
[35m[HTTP][39m [37m<-- GET /wd/hub/session/2b37327f-d001-4c05-a41a-389ddafc7f72/element/00000000-0000-01ea-ffff-ffff00000078/location [39m[32m200[39m [90m36 ms - 76[39m
[35m[HTTP][39m [90m[39m
[35m[HTTP][39m [37m-->[39m [37mPOST[39m [37m/wd/hub/session/2b37327f-d001-4c05-a41a-389ddafc7f72/timeouts[39m
[35m[HTTP][39m [90m{"implicit":30000}[39m
[35m[HTTP][39m [37m<-- POST /wd/hub/session/2b37327f-d001-4c05-a41a-389ddafc7f72/timeouts [39m[32m200[39m [90m2 ms - 14[39m
[35m[HTTP][39m [90m[39m
[35m[HTTP][39m [37m-->[39m [37mPOST[39m [37m/wd/hub/session/2b37327f-d001-4c05-a41a-389ddafc7f72/timeouts[39m
[35m[HTTP][39m [90m{"implicit":50}[39m
[35m[HTTP][39m [37m<-- POST /wd/hub/session/2b37327f-d001-4c05-a41a-389ddafc7f72/timeouts [39m[32m200[39m [90m3 ms - 14[39m
[35m[HTTP][39m [90m[39m
[35m[HTTP][39m [37m-->[39m [37mGET[39m [37m/wd/hub/session/2b37327f-d001-4c05-a41a-389ddafc7f72/window/rect[39m
[35m[HTTP][39m [90m{}[39m
[35m[HTTP][39m [37m<-- GET /wd/hub/session/2b37327f-d001-4c05-a41a-389ddafc7f72/window/rect [39m[32m200[39m [90m46 ms - 49[39m
[35m[HTTP][39m [90m[39m
[35m[HTTP][39m [37m-->[39m [37mPOST[39m [37m/wd/hub/session/2b37327f-d001-4c05-a41a-389ddafc7f72/elements[39m
[35m[HTTP][39m [90m{"using":"xpath","value":"//hierarchy/android.widget.FrameLayout[1]/android.widget.LinearLayout[1]/android.widget.FrameLayout[1]/android.widget.LinearLayout[1]/android.widget.FrameLayout[1]/android.widget.FrameLayout[1]/android.view.ViewGroup[1]/android.view.ViewGroup[1]/android.view.ViewGroup[1]/android.view.ViewGroup[1]/android.widget.ScrollView[1]/android.view.ViewGroup[1]/android.view.ViewGroup[4]/android.widget.TextView[1]"}[39m
[35m[HTTP][39m [37m<-- POST /wd/hub/session/2b37327f-d001-4c05-a41a-389ddafc7f72/elements [39m[32m200[39m [90m585 ms - 139[39m
[35m[HTTP][39m [90m[39m
[35m[HTTP][39m [37m-->[39m [37mGET[39m [37m/wd/hub/session/2b37327f-d001-4c05-a41a-389ddafc7f72/element/00000000-0000-01ea-ffff-ffff00000078/location[39m
[35m[HTTP][39m [90m{}[39m
[35m[W3C (2b37327f)][39m Driver proxy active, passing request on via HTTP proxy
[35m[WD Proxy][39m Replacing sessionId d5d40d15-df52-4bd7-bd8a-8dddef7861e8 with 2b37327f-d001-4c05-a41a-389ddafc7f72
[35m[HTTP][39m [37m<-- GET /wd/hub/session/2b37327f-d001-4c05-a41a-389ddafc7f72/element/00000000-0000-01ea-ffff-ffff00000078/location [39m[32m200[39m [90m36 ms - 76[39m
[35m[HTTP][39m [90m[39m
[35m[HTTP][39m [37m-->[39m [37mPOST[39m [37m/wd/hub/session/2b37327f-d001-4c05-a41a-389ddafc7f72/timeouts[39m
[35m[HTTP][39m [90m{"implicit":30000}[39m
[35m[HTTP][39m [37m<-- POST /wd/hub/session/2b37327f-d001-4c05-a41a-389ddafc7f72/timeouts [39m[32m200[39m [90m2 ms - 14[39m
[35m[HTTP][39m [90m[39m
[35m[HTTP][39m [37m-->[39m [37mPOST[39m [37m/wd/hub/session/2b37327f-d001-4c05-a41a-389ddafc7f72/element/00000000-0000-01ea-ffff-ffff00000078/click[39m
[35m[HTTP][39m [90m{"id":"00000000-0000-01ea-ffff-ffff00000078"}[39m
[35m[HTTP][39m [37m<-- POST /wd/hub/session/2b37327f-d001-4c05-a41a-389ddafc7f72/element/00000000-0000-01ea-ffff-ffff00000078/click [39m[32m200[39m [90m74 ms - 14[39m
[35m[HTTP][39m [90m[39m
[35m[HTTP][39m [37m-->[39m [37mPOST[39m [37m/wd/hub/session/2b37327f-d001-4c05-a41a-389ddafc7f72/timeouts[39m
[35m[HTTP][39m [90m{"implicit":50}[39m
[35m[HTTP][39m [37m<-- POST /wd/hub/session/2b37327f-d001-4c05-a41a-389ddafc7f72/timeouts [39m[32m200[39m [90m2 ms - 14[39m
[35m[HTTP][39m [90m[39m
[35m[HTTP][39m [37m-->[39m [37mGET[39m [37m/wd/hub/session/2b37327f-d001-4c05-a41a-389ddafc7f72/window/rect[39m
[35m[HTTP][39m [90m{}[39m
[35m[HTTP][39m [37m<-- GET /wd/hub/session/2b37327f-d001-4c05-a41a-389ddafc7f72/window/rect [39m[32m200[39m [90m31 ms - 49[39m
[35m[HTTP][39m [90m[39m
[35m[HTTP][39m [37m-->[39m [37mPOST[39m [37m/wd/hub/session/2b37327f-d001-4c05-a41a-389ddafc7f72/elements[39m
[35m[HTTP][39m [90m{"using":"xpath","value":"//*[@class = 'android.widget.TextView' and (@text = 'Geo Location' or . = 'Geo Location')]"}[39m
[35m[HTTP][39m [37m<-- POST /wd/hub/session/2b37327f-d001-4c05-a41a-389ddafc7f72/elements [39m[32m200[39m [90m739 ms - 267[39m
[35m[HTTP][39m [90m[39m
[35m[HTTP][39m [37m-->[39m [37mGET[39m [37m/wd/hub/session/2b37327f-d001-4c05-a41a-389ddafc7f72/element/00000000-0000-01ea-ffff-ffff00000078/location[39m
[35m[HTTP][39m [90m{}[39m
[35m[W3C (2b37327f)][39m Driver proxy active, passing request on via HTTP proxy
[35m[WD Proxy][39m Replacing sessionId d5d40d15-df52-4bd7-bd8a-8dddef7861e8 with 2b37327f-d001-4c05-a41a-389ddafc7f72
[35m[HTTP][39m [37m<-- GET /wd/hub/session/2b37327f-d001-4c05-a41a-389ddafc7f72/element/00000000-0000-01ea-ffff-ffff00000078/location [39m[32m200[39m [90m201 ms - 76[39m
[35m[HTTP][39m [90m[39m
[35m[HTTP][39m [37m-->[39m [37mPOST[39m [37m/wd/hub/session/2b37327f-d001-4c05-a41a-389ddafc7f72/timeouts[39m
[35m[HTTP][39m [90m{"implicit":30000}[39m
[35m[HTTP][39m [37m<-- POST /wd/hub/session/2b37327f-d001-4c05-a41a-389ddafc7f72/timeouts [39m[32m200[39m [90m2 ms - 14[39m
[35m[HTTP][39m [90m[39m
[35m[HTTP][39m [37m-->[39m [37mPOST[39m [37m/wd/hub/session/2b37327f-d001-4c05-a41a-389ddafc7f72/timeouts[39m
[35m[HTTP][39m [90m{"implicit":50}[39m
[35m[HTTP][39m [37m<-- POST /wd/hub/session/2b37327f-d001-4c05-a41a-389ddafc7f72/timeouts [39m[32m200[39m [90m2 ms - 14[39m
[35m[HTTP][39m [90m[39m
[35m[HTTP][39m [37m-->[39m [37mGET[39m [37m/wd/hub/session/2b37327f-d001-4c05-a41a-389ddafc7f72/window/rect[39m
[35m[HTTP][39m [90m{}[39m
[35m[HTTP][39m [37m<-- GET /wd/hub/session/2b37327f-d001-4c05-a41a-389ddafc7f72/window/rect [39m[32m200[39m [90m26 ms - 49[39m
[35m[HTTP][39m [90m[39m
[35m[HTTP][39m [37m-->[39m [37mPOST[39m [37m/wd/hub/session/2b37327f-d001-4c05-a41a-389ddafc7f72/elements[39m
[35m[HTTP][39m [90m{"using":"xpath","value":"//*[@class = 'android.widget.TextView' and (@text = 'Geo Location' or . = 'Geo Location')]"}[39m
[35m[HTTP][39m [37m<-- POST /wd/hub/session/2b37327f-d001-4c05-a41a-389ddafc7f72/elements [39m[32m200[39m [90m407 ms - 139[39m
[35m[HTTP][39m [90m[39m
[35m[HTTP][39m [37m-->[39m [37mGET[39m [37m/wd/hub/session/2b37327f-d001-4c05-a41a-389ddafc7f72/element/00000000-0000-01ea-ffff-ffff0000008b/location[39m
[35m[HTTP][39m [90m{}[39m
[35m[W3C (2b37327f)][39m Driver proxy active, passing request on via HTTP proxy
[35m[WD Proxy][39m Replacing sessionId d5d40d15-df52-4bd7-bd8a-8dddef7861e8 with 2b37327f-d001-4c05-a41a-389ddafc7f72
[35m[HTTP][39m [37m<-- GET /wd/hub/session/2b37327f-d001-4c05-a41a-389ddafc7f72/element/00000000-0000-01ea-ffff-ffff0000008b/location [39m[32m200[39m [90m37 ms - 77[39m
[35m[HTTP][39m [90m[39m
[35m[HTTP][39m [37m-->[39m [37mPOST[39m [37m/wd/hub/session/2b37327f-d001-4c05-a41a-389ddafc7f72/timeouts[39m
[35m[HTTP][39m [90m{"implicit":30000}[39m
[35m[HTTP][39m [37m<-- POST /wd/hub/session/2b37327f-d001-4c05-a41a-389ddafc7f72/timeouts [39m[32m200[39m [90m3 ms - 14[39m
[35m[HTTP][39m [90m[39m
[35m[HTTP][39m [37m-->[39m [37mGET[39m [37m/wd/hub/session/2b37327f-d001-4c05-a41a-389ddafc7f72/element/00000000-0000-01ea-ffff-ffff0000008b/displayed[39m
[35m[HTTP][39m [90m{}[39m
[35m[HTTP][39m [37m<-- GET /wd/hub/session/2b37327f-d001-4c05-a41a-389ddafc7f72/element/00000000-0000-01ea-ffff-ffff0000008b/displayed [39m[32m200[39m [90m26 ms - 14[39m
[35m[HTTP][39m [90m[39m
[35m[HTTP][39m [37m-->[39m [37mPOST[39m [37m/wd/hub/session/2b37327f-d001-4c05-a41a-389ddafc7f72/appium/device/terminate_app[39m
[35m[HTTP][39m [90m{"bundleId":"com.saucelabs.mydemoapp.rn"}[39m
[35m[AndroidDriver][39m Terminating 'com.saucelabs.mydemoapp.rn'
[35m[AndroidDriver][39m Querying the state of 'com.saucelabs.mydemoapp.rn'
[35m[AndroidDriver][39m 'com.saucelabs.mydemoapp.rn' has been successfully terminated
[35m[HTTP][39m [37m<-- POST /wd/hub/session/2b37327f-d001-4c05-a41a-389ddafc7f72/appium/device/terminate_app [39m[32m200[39m [90m829 ms - 14[39m
[35m[HTTP][39m [90m[39m
[35m[HTTP][39m [37m-->[39m [37mDELETE[39m [37m/wd/hub/session/2b37327f-d001-4c05-a41a-389ddafc7f72[39m
[35m[HTTP][39m [90m{}[39m
[35m[Appium][39m Removing session 2b37327f-d001-4c05-a41a-389ddafc7f72 from our master session list
[35m[HTTP][39m [37m<-- DELETE /wd/hub/session/2b37327f-d001-4c05-a41a-389ddafc7f72 [39m[32m200[39m [90m266 ms - 14[39m
[35m[HTTP][39m [90m[39m
